[2017-08-31T20:39:27,911][INFO ][o.e.n.Node               ] [] initializing ...
[2017-08-31T20:39:28,268][INFO ][o.e.e.NodeEnvironment    ] [rnQD3QO] using [1] data paths, mounts [[/ (/dev/disk0s2)]], net usable_space [71.1gb], net total_space [118.4gb], spins? [unknown], types [hfs]
[2017-08-31T20:39:28,280][INFO ][o.e.e.NodeEnvironment    ] [rnQD3QO] heap size [1.9gb], compressed ordinary object pointers [true]
[2017-08-31T20:39:28,350][INFO ][o.e.n.Node               ] node name [rnQD3QO] derived from node ID [rnQD3QOKRgq3maAyhuE5gQ]; set [node.name] to override
[2017-08-31T20:39:28,350][INFO ][o.e.n.Node               ] version[5.5.2], pid[88782], build[b2f0c09/2017-08-14T12:33:14.154Z], OS[Mac OS X/10.11.6/x86_64], JVM[Oracle Corporation/Java HotSpot(TM) 64-Bit Server VM/1.8.0_144/25.144-b01]
[2017-08-31T20:39:28,353][INFO ][o.e.n.Node               ] JVM arguments [-Xms2g, -Xmx2g, -XX:+UseConcMarkSweepGC, -XX:CMSInitiatingOccupancyFraction=75, -XX:+UseCMSInitiatingOccupancyOnly, -XX:+AlwaysPreTouch, -Xss1m, -Djava.awt.headless=true, -Dfile.encoding=UTF-8, -Djna.nosys=true, -Djdk.io.permissionsUseCanonicalPath=true, -Dio.netty.noUnsafe=true, -Dio.netty.noKeySetOptimization=true, -Dio.netty.recycler.maxCapacityPerThread=0, -Dlog4j.shutdownHookEnabled=false, -Dlog4j2.disable.jmx=true, -Dlog4j.skipJansi=true, -XX:+HeapDumpOnOutOfMemoryError, -Des.path.home=/Users/darkindom/Desktop/spidder/elasticsearch-5.5.2]
[2017-08-31T20:39:31,865][INFO ][o.e.p.PluginsService     ] [rnQD3QO] loaded module [aggs-matrix-stats]
[2017-08-31T20:39:31,866][INFO ][o.e.p.PluginsService     ] [rnQD3QO] loaded module [ingest-common]
[2017-08-31T20:39:31,867][INFO ][o.e.p.PluginsService     ] [rnQD3QO] loaded module [lang-expression]
[2017-08-31T20:39:31,867][INFO ][o.e.p.PluginsService     ] [rnQD3QO] loaded module [lang-groovy]
[2017-08-31T20:39:31,868][INFO ][o.e.p.PluginsService     ] [rnQD3QO] loaded module [lang-mustache]
[2017-08-31T20:39:31,868][INFO ][o.e.p.PluginsService     ] [rnQD3QO] loaded module [lang-painless]
[2017-08-31T20:39:31,869][INFO ][o.e.p.PluginsService     ] [rnQD3QO] loaded module [parent-join]
[2017-08-31T20:39:31,869][INFO ][o.e.p.PluginsService     ] [rnQD3QO] loaded module [percolator]
[2017-08-31T20:39:31,869][INFO ][o.e.p.PluginsService     ] [rnQD3QO] loaded module [reindex]
[2017-08-31T20:39:31,870][INFO ][o.e.p.PluginsService     ] [rnQD3QO] loaded module [transport-netty3]
[2017-08-31T20:39:31,870][INFO ][o.e.p.PluginsService     ] [rnQD3QO] loaded module [transport-netty4]
[2017-08-31T20:39:31,872][INFO ][o.e.p.PluginsService     ] [rnQD3QO] no plugins loaded
[2017-08-31T20:39:36,644][INFO ][o.e.d.DiscoveryModule    ] [rnQD3QO] using discovery type [zen]
[2017-08-31T20:39:38,182][INFO ][o.e.n.Node               ] initialized
[2017-08-31T20:39:38,184][INFO ][o.e.n.Node               ] [rnQD3QO] starting ...
[2017-08-31T20:39:38,790][ERROR][o.e.b.Bootstrap          ] [rnQD3QO] Exception
org.elasticsearch.transport.BindTransportException: Failed to bind to [9300-9400]
	at org.elasticsearch.transport.TcpTransport.bindToPort(TcpTransport.java:793) ~[elasticsearch-5.5.2.jar:5.5.2]
	at org.elasticsearch.transport.TcpTransport.bindServer(TcpTransport.java:758) ~[elasticsearch-5.5.2.jar:5.5.2]
	at org.elasticsearch.transport.netty4.Netty4Transport.doStart(Netty4Transport.java:173) ~[?:?]
	at org.elasticsearch.common.component.AbstractLifecycleComponent.start(AbstractLifecycleComponent.java:69) ~[elasticsearch-5.5.2.jar:5.5.2]
	at org.elasticsearch.transport.TransportService.doStart(TransportService.java:209) ~[elasticsearch-5.5.2.jar:5.5.2]
	at org.elasticsearch.common.component.AbstractLifecycleComponent.start(AbstractLifecycleComponent.java:69) ~[elasticsearch-5.5.2.jar:5.5.2]
	at org.elasticsearch.node.Node.start(Node.java:692) ~[elasticsearch-5.5.2.jar:5.5.2]
	at org.elasticsearch.bootstrap.Bootstrap.start(Bootstrap.java:277) ~[elasticsearch-5.5.2.jar:5.5.2]
	at org.elasticsearch.bootstrap.Bootstrap.init(Bootstrap.java:360) [elasticsearch-5.5.2.jar:5.5.2]
	at org.elasticsearch.bootstrap.Elasticsearch.init(Elasticsearch.java:123) [elasticsearch-5.5.2.jar:5.5.2]
	at org.elasticsearch.bootstrap.Elasticsearch.execute(Elasticsearch.java:114) [elasticsearch-5.5.2.jar:5.5.2]
	at org.elasticsearch.cli.EnvironmentAwareCommand.execute(EnvironmentAwareCommand.java:67) [elasticsearch-5.5.2.jar:5.5.2]
	at org.elasticsearch.cli.Command.mainWithoutErrorHandling(Command.java:122) [elasticsearch-5.5.2.jar:5.5.2]
	at org.elasticsearch.cli.Command.main(Command.java:88) [elasticsearch-5.5.2.jar:5.5.2]
	at org.elasticsearch.bootstrap.Elasticsearch.main(Elasticsearch.java:91) [elasticsearch-5.5.2.jar:5.5.2]
	at org.elasticsearch.bootstrap.Elasticsearch.main(Elasticsearch.java:84) [elasticsearch-5.5.2.jar:5.5.2]
Caused by: java.net.BindException: Can't assign requested address
	at sun.nio.ch.Net.bind0(Native Method) ~[?:?]
	at sun.nio.ch.Net.bind(Net.java:433) ~[?:?]
	at sun.nio.ch.Net.bind(Net.java:425) ~[?:?]
	at sun.nio.ch.ServerSocketChannelImpl.bind(ServerSocketChannelImpl.java:223) ~[?:?]
	at io.netty.channel.socket.nio.NioServerSocketChannel.doBind(NioServerSocketChannel.java:128) ~[?:?]
	at io.netty.channel.AbstractChannel$AbstractUnsafe.bind(AbstractChannel.java:554) ~[?:?]
	at io.netty.channel.DefaultChannelPipeline$HeadContext.bind(DefaultChannelPipeline.java:1258) ~[?:?]
	at io.netty.channel.AbstractChannelHandlerContext.invokeBind(AbstractChannelHandlerContext.java:501) ~[?:?]
	at io.netty.channel.AbstractChannelHandlerContext.bind(AbstractChannelHandlerContext.java:486) ~[?:?]
	at io.netty.channel.DefaultChannelPipeline.bind(DefaultChannelPipeline.java:980) ~[?:?]
	at io.netty.channel.AbstractChannel.bind(AbstractChannel.java:250) ~[?:?]
	at io.netty.bootstrap.AbstractBootstrap$2.run(AbstractBootstrap.java:365) ~[?:?]
	at io.netty.util.concurrent.AbstractEventExecutor.safeExecute(AbstractEventExecutor.java:163) ~[?:?]
	at io.netty.util.concurrent.SingleThreadEventExecutor.runAllTasks(SingleThreadEventExecutor.java:403) ~[?:?]
	at io.netty.channel.nio.NioEventLoop.run(NioEventLoop.java:462) ~[?:?]
	at io.netty.util.concurrent.SingleThreadEventExecutor$5.run(SingleThreadEventExecutor.java:858) ~[?:?]
	at java.lang.Thread.run(Thread.java:748) ~[?:1.8.0_144]
[2017-08-31T20:39:38,820][WARN ][o.e.b.ElasticsearchUncaughtExceptionHandler] [] uncaught exception in thread [main]
org.elasticsearch.bootstrap.StartupException: BindTransportException[Failed to bind to [9300-9400]]; nested: BindException[Can't assign requested address];
	at org.elasticsearch.bootstrap.Elasticsearch.init(Elasticsearch.java:127) ~[elasticsearch-5.5.2.jar:5.5.2]
	at org.elasticsearch.bootstrap.Elasticsearch.execute(Elasticsearch.java:114) ~[elasticsearch-5.5.2.jar:5.5.2]
	at org.elasticsearch.cli.EnvironmentAwareCommand.execute(EnvironmentAwareCommand.java:67) ~[elasticsearch-5.5.2.jar:5.5.2]
	at org.elasticsearch.cli.Command.mainWithoutErrorHandling(Command.java:122) ~[elasticsearch-5.5.2.jar:5.5.2]
	at org.elasticsearch.cli.Command.main(Command.java:88) ~[elasticsearch-5.5.2.jar:5.5.2]
	at org.elasticsearch.bootstrap.Elasticsearch.main(Elasticsearch.java:91) ~[elasticsearch-5.5.2.jar:5.5.2]
	at org.elasticsearch.bootstrap.Elasticsearch.main(Elasticsearch.java:84) ~[elasticsearch-5.5.2.jar:5.5.2]
Caused by: org.elasticsearch.transport.BindTransportException: Failed to bind to [9300-9400]
	at org.elasticsearch.transport.TcpTransport.bindToPort(TcpTransport.java:793) ~[elasticsearch-5.5.2.jar:5.5.2]
	at org.elasticsearch.transport.TcpTransport.bindServer(TcpTransport.java:758) ~[elasticsearch-5.5.2.jar:5.5.2]
	at org.elasticsearch.transport.netty4.Netty4Transport.doStart(Netty4Transport.java:173) ~[?:?]
	at org.elasticsearch.common.component.AbstractLifecycleComponent.start(AbstractLifecycleComponent.java:69) ~[elasticsearch-5.5.2.jar:5.5.2]
	at org.elasticsearch.transport.TransportService.doStart(TransportService.java:209) ~[elasticsearch-5.5.2.jar:5.5.2]
	at org.elasticsearch.common.component.AbstractLifecycleComponent.start(AbstractLifecycleComponent.java:69) ~[elasticsearch-5.5.2.jar:5.5.2]
	at org.elasticsearch.node.Node.start(Node.java:692) ~[elasticsearch-5.5.2.jar:5.5.2]
	at org.elasticsearch.bootstrap.Bootstrap.start(Bootstrap.java:277) ~[elasticsearch-5.5.2.jar:5.5.2]
	at org.elasticsearch.bootstrap.Bootstrap.init(Bootstrap.java:360) ~[elasticsearch-5.5.2.jar:5.5.2]
	at org.elasticsearch.bootstrap.Elasticsearch.init(Elasticsearch.java:123) ~[elasticsearch-5.5.2.jar:5.5.2]
	... 6 more
Caused by: java.net.BindException: Can't assign requested address
	at sun.nio.ch.Net.bind0(Native Method) ~[?:?]
	at sun.nio.ch.Net.bind(Net.java:433) ~[?:?]
	at sun.nio.ch.Net.bind(Net.java:425) ~[?:?]
	at sun.nio.ch.ServerSocketChannelImpl.bind(ServerSocketChannelImpl.java:223) ~[?:?]
	at io.netty.channel.socket.nio.NioServerSocketChannel.doBind(NioServerSocketChannel.java:128) ~[?:?]
	at io.netty.channel.AbstractChannel$AbstractUnsafe.bind(AbstractChannel.java:554) ~[?:?]
	at io.netty.channel.DefaultChannelPipeline$HeadContext.bind(DefaultChannelPipeline.java:1258) ~[?:?]
	at io.netty.channel.AbstractChannelHandlerContext.invokeBind(AbstractChannelHandlerContext.java:501) ~[?:?]
	at io.netty.channel.AbstractChannelHandlerContext.bind(AbstractChannelHandlerContext.java:486) ~[?:?]
	at io.netty.channel.DefaultChannelPipeline.bind(DefaultChannelPipeline.java:980) ~[?:?]
	at io.netty.channel.AbstractChannel.bind(AbstractChannel.java:250) ~[?:?]
	at io.netty.bootstrap.AbstractBootstrap$2.run(AbstractBootstrap.java:365) ~[?:?]
	at io.netty.util.concurrent.AbstractEventExecutor.safeExecute(AbstractEventExecutor.java:163) ~[?:?]
	at io.netty.util.concurrent.SingleThreadEventExecutor.runAllTasks(SingleThreadEventExecutor.java:403) ~[?:?]
	at io.netty.channel.nio.NioEventLoop.run(NioEventLoop.java:462) ~[?:?]
	at io.netty.util.concurrent.SingleThreadEventExecutor$5.run(SingleThreadEventExecutor.java:858) ~[?:?]
	at java.lang.Thread.run(Thread.java:748) [?:1.8.0_144]
[2017-08-31T20:39:39,368][INFO ][o.e.n.Node               ] [rnQD3QO] stopping ...
[2017-08-31T20:39:39,372][INFO ][o.e.n.Node               ] [rnQD3QO] stopped
[2017-08-31T20:39:39,372][INFO ][o.e.n.Node               ] [rnQD3QO] closing ...
[2017-08-31T20:39:39,388][INFO ][o.e.n.Node               ] [rnQD3QO] closed
[2017-08-31T20:41:14,070][INFO ][o.e.n.Node               ] [] initializing ...
[2017-08-31T20:41:14,198][INFO ][o.e.e.NodeEnvironment    ] [rnQD3QO] using [1] data paths, mounts [[/ (/dev/disk0s2)]], net usable_space [71.1gb], net total_space [118.4gb], spins? [unknown], types [hfs]
[2017-08-31T20:41:14,206][INFO ][o.e.e.NodeEnvironment    ] [rnQD3QO] heap size [1.9gb], compressed ordinary object pointers [true]
[2017-08-31T20:41:14,238][INFO ][o.e.n.Node               ] node name [rnQD3QO] derived from node ID [rnQD3QOKRgq3maAyhuE5gQ]; set [node.name] to override
[2017-08-31T20:41:14,238][INFO ][o.e.n.Node               ] version[5.5.2], pid[88909], build[b2f0c09/2017-08-14T12:33:14.154Z], OS[Mac OS X/10.11.6/x86_64], JVM[Oracle Corporation/Java HotSpot(TM) 64-Bit Server VM/1.8.0_144/25.144-b01]
[2017-08-31T20:41:14,239][INFO ][o.e.n.Node               ] JVM arguments [-Xms2g, -Xmx2g, -XX:+UseConcMarkSweepGC, -XX:CMSInitiatingOccupancyFraction=75, -XX:+UseCMSInitiatingOccupancyOnly, -XX:+AlwaysPreTouch, -Xss1m, -Djava.awt.headless=true, -Dfile.encoding=UTF-8, -Djna.nosys=true, -Djdk.io.permissionsUseCanonicalPath=true, -Dio.netty.noUnsafe=true, -Dio.netty.noKeySetOptimization=true, -Dio.netty.recycler.maxCapacityPerThread=0, -Dlog4j.shutdownHookEnabled=false, -Dlog4j2.disable.jmx=true, -Dlog4j.skipJansi=true, -XX:+HeapDumpOnOutOfMemoryError, -Des.path.home=/Users/darkindom/Desktop/spidder/elasticsearch-5.5.2]
[2017-08-31T20:41:17,104][INFO ][o.e.p.PluginsService     ] [rnQD3QO] loaded module [aggs-matrix-stats]
[2017-08-31T20:41:17,105][INFO ][o.e.p.PluginsService     ] [rnQD3QO] loaded module [ingest-common]
[2017-08-31T20:41:17,106][INFO ][o.e.p.PluginsService     ] [rnQD3QO] loaded module [lang-expression]
[2017-08-31T20:41:17,106][INFO ][o.e.p.PluginsService     ] [rnQD3QO] loaded module [lang-groovy]
[2017-08-31T20:41:17,106][INFO ][o.e.p.PluginsService     ] [rnQD3QO] loaded module [lang-mustache]
[2017-08-31T20:41:17,107][INFO ][o.e.p.PluginsService     ] [rnQD3QO] loaded module [lang-painless]
[2017-08-31T20:41:17,108][INFO ][o.e.p.PluginsService     ] [rnQD3QO] loaded module [parent-join]
[2017-08-31T20:41:17,108][INFO ][o.e.p.PluginsService     ] [rnQD3QO] loaded module [percolator]
[2017-08-31T20:41:17,108][INFO ][o.e.p.PluginsService     ] [rnQD3QO] loaded module [reindex]
[2017-08-31T20:41:17,108][INFO ][o.e.p.PluginsService     ] [rnQD3QO] loaded module [transport-netty3]
[2017-08-31T20:41:17,109][INFO ][o.e.p.PluginsService     ] [rnQD3QO] loaded module [transport-netty4]
[2017-08-31T20:41:17,110][INFO ][o.e.p.PluginsService     ] [rnQD3QO] no plugins loaded
[2017-08-31T20:41:20,206][INFO ][o.e.d.DiscoveryModule    ] [rnQD3QO] using discovery type [zen]
[2017-08-31T20:41:21,286][INFO ][o.e.n.Node               ] initialized
[2017-08-31T20:41:21,286][INFO ][o.e.n.Node               ] [rnQD3QO] starting ...
[2017-08-31T20:41:21,740][ERROR][o.e.b.Bootstrap          ] [rnQD3QO] Exception
org.elasticsearch.transport.BindTransportException: Failed to bind to [9300-9400]
	at org.elasticsearch.transport.TcpTransport.bindToPort(TcpTransport.java:793) ~[elasticsearch-5.5.2.jar:5.5.2]
	at org.elasticsearch.transport.TcpTransport.bindServer(TcpTransport.java:758) ~[elasticsearch-5.5.2.jar:5.5.2]
	at org.elasticsearch.transport.netty4.Netty4Transport.doStart(Netty4Transport.java:173) ~[?:?]
	at org.elasticsearch.common.component.AbstractLifecycleComponent.start(AbstractLifecycleComponent.java:69) ~[elasticsearch-5.5.2.jar:5.5.2]
	at org.elasticsearch.transport.TransportService.doStart(TransportService.java:209) ~[elasticsearch-5.5.2.jar:5.5.2]
	at org.elasticsearch.common.component.AbstractLifecycleComponent.start(AbstractLifecycleComponent.java:69) ~[elasticsearch-5.5.2.jar:5.5.2]
	at org.elasticsearch.node.Node.start(Node.java:692) ~[elasticsearch-5.5.2.jar:5.5.2]
	at org.elasticsearch.bootstrap.Bootstrap.start(Bootstrap.java:277) ~[elasticsearch-5.5.2.jar:5.5.2]
	at org.elasticsearch.bootstrap.Bootstrap.init(Bootstrap.java:360) [elasticsearch-5.5.2.jar:5.5.2]
	at org.elasticsearch.bootstrap.Elasticsearch.init(Elasticsearch.java:123) [elasticsearch-5.5.2.jar:5.5.2]
	at org.elasticsearch.bootstrap.Elasticsearch.execute(Elasticsearch.java:114) [elasticsearch-5.5.2.jar:5.5.2]
	at org.elasticsearch.cli.EnvironmentAwareCommand.execute(EnvironmentAwareCommand.java:67) [elasticsearch-5.5.2.jar:5.5.2]
	at org.elasticsearch.cli.Command.mainWithoutErrorHandling(Command.java:122) [elasticsearch-5.5.2.jar:5.5.2]
	at org.elasticsearch.cli.Command.main(Command.java:88) [elasticsearch-5.5.2.jar:5.5.2]
	at org.elasticsearch.bootstrap.Elasticsearch.main(Elasticsearch.java:91) [elasticsearch-5.5.2.jar:5.5.2]
	at org.elasticsearch.bootstrap.Elasticsearch.main(Elasticsearch.java:84) [elasticsearch-5.5.2.jar:5.5.2]
Caused by: java.net.BindException: Can't assign requested address
	at sun.nio.ch.Net.bind0(Native Method) ~[?:?]
	at sun.nio.ch.Net.bind(Net.java:433) ~[?:?]
	at sun.nio.ch.Net.bind(Net.java:425) ~[?:?]
	at sun.nio.ch.ServerSocketChannelImpl.bind(ServerSocketChannelImpl.java:223) ~[?:?]
	at io.netty.channel.socket.nio.NioServerSocketChannel.doBind(NioServerSocketChannel.java:128) ~[?:?]
	at io.netty.channel.AbstractChannel$AbstractUnsafe.bind(AbstractChannel.java:554) ~[?:?]
	at io.netty.channel.DefaultChannelPipeline$HeadContext.bind(DefaultChannelPipeline.java:1258) ~[?:?]
	at io.netty.channel.AbstractChannelHandlerContext.invokeBind(AbstractChannelHandlerContext.java:501) ~[?:?]
	at io.netty.channel.AbstractChannelHandlerContext.bind(AbstractChannelHandlerContext.java:486) ~[?:?]
	at io.netty.channel.DefaultChannelPipeline.bind(DefaultChannelPipeline.java:980) ~[?:?]
	at io.netty.channel.AbstractChannel.bind(AbstractChannel.java:250) ~[?:?]
	at io.netty.bootstrap.AbstractBootstrap$2.run(AbstractBootstrap.java:365) ~[?:?]
	at io.netty.util.concurrent.AbstractEventExecutor.safeExecute(AbstractEventExecutor.java:163) ~[?:?]
	at io.netty.util.concurrent.SingleThreadEventExecutor.runAllTasks(SingleThreadEventExecutor.java:403) ~[?:?]
	at io.netty.channel.nio.NioEventLoop.run(NioEventLoop.java:462) ~[?:?]
	at io.netty.util.concurrent.SingleThreadEventExecutor$5.run(SingleThreadEventExecutor.java:858) ~[?:?]
	at java.lang.Thread.run(Thread.java:748) ~[?:1.8.0_144]
[2017-08-31T20:41:21,759][WARN ][o.e.b.ElasticsearchUncaughtExceptionHandler] [] uncaught exception in thread [main]
org.elasticsearch.bootstrap.StartupException: BindTransportException[Failed to bind to [9300-9400]]; nested: BindException[Can't assign requested address];
	at org.elasticsearch.bootstrap.Elasticsearch.init(Elasticsearch.java:127) ~[elasticsearch-5.5.2.jar:5.5.2]
	at org.elasticsearch.bootstrap.Elasticsearch.execute(Elasticsearch.java:114) ~[elasticsearch-5.5.2.jar:5.5.2]
	at org.elasticsearch.cli.EnvironmentAwareCommand.execute(EnvironmentAwareCommand.java:67) ~[elasticsearch-5.5.2.jar:5.5.2]
	at org.elasticsearch.cli.Command.mainWithoutErrorHandling(Command.java:122) ~[elasticsearch-5.5.2.jar:5.5.2]
	at org.elasticsearch.cli.Command.main(Command.java:88) ~[elasticsearch-5.5.2.jar:5.5.2]
	at org.elasticsearch.bootstrap.Elasticsearch.main(Elasticsearch.java:91) ~[elasticsearch-5.5.2.jar:5.5.2]
	at org.elasticsearch.bootstrap.Elasticsearch.main(Elasticsearch.java:84) ~[elasticsearch-5.5.2.jar:5.5.2]
Caused by: org.elasticsearch.transport.BindTransportException: Failed to bind to [9300-9400]
	at org.elasticsearch.transport.TcpTransport.bindToPort(TcpTransport.java:793) ~[elasticsearch-5.5.2.jar:5.5.2]
	at org.elasticsearch.transport.TcpTransport.bindServer(TcpTransport.java:758) ~[elasticsearch-5.5.2.jar:5.5.2]
	at org.elasticsearch.transport.netty4.Netty4Transport.doStart(Netty4Transport.java:173) ~[?:?]
	at org.elasticsearch.common.component.AbstractLifecycleComponent.start(AbstractLifecycleComponent.java:69) ~[elasticsearch-5.5.2.jar:5.5.2]
	at org.elasticsearch.transport.TransportService.doStart(TransportService.java:209) ~[elasticsearch-5.5.2.jar:5.5.2]
	at org.elasticsearch.common.component.AbstractLifecycleComponent.start(AbstractLifecycleComponent.java:69) ~[elasticsearch-5.5.2.jar:5.5.2]
	at org.elasticsearch.node.Node.start(Node.java:692) ~[elasticsearch-5.5.2.jar:5.5.2]
	at org.elasticsearch.bootstrap.Bootstrap.start(Bootstrap.java:277) ~[elasticsearch-5.5.2.jar:5.5.2]
	at org.elasticsearch.bootstrap.Bootstrap.init(Bootstrap.java:360) ~[elasticsearch-5.5.2.jar:5.5.2]
	at org.elasticsearch.bootstrap.Elasticsearch.init(Elasticsearch.java:123) ~[elasticsearch-5.5.2.jar:5.5.2]
	... 6 more
Caused by: java.net.BindException: Can't assign requested address
	at sun.nio.ch.Net.bind0(Native Method) ~[?:?]
	at sun.nio.ch.Net.bind(Net.java:433) ~[?:?]
	at sun.nio.ch.Net.bind(Net.java:425) ~[?:?]
	at sun.nio.ch.ServerSocketChannelImpl.bind(ServerSocketChannelImpl.java:223) ~[?:?]
	at io.netty.channel.socket.nio.NioServerSocketChannel.doBind(NioServerSocketChannel.java:128) ~[?:?]
	at io.netty.channel.AbstractChannel$AbstractUnsafe.bind(AbstractChannel.java:554) ~[?:?]
	at io.netty.channel.DefaultChannelPipeline$HeadContext.bind(DefaultChannelPipeline.java:1258) ~[?:?]
	at io.netty.channel.AbstractChannelHandlerContext.invokeBind(AbstractChannelHandlerContext.java:501) ~[?:?]
	at io.netty.channel.AbstractChannelHandlerContext.bind(AbstractChannelHandlerContext.java:486) ~[?:?]
	at io.netty.channel.DefaultChannelPipeline.bind(DefaultChannelPipeline.java:980) ~[?:?]
	at io.netty.channel.AbstractChannel.bind(AbstractChannel.java:250) ~[?:?]
	at io.netty.bootstrap.AbstractBootstrap$2.run(AbstractBootstrap.java:365) ~[?:?]
	at io.netty.util.concurrent.AbstractEventExecutor.safeExecute(AbstractEventExecutor.java:163) ~[?:?]
	at io.netty.util.concurrent.SingleThreadEventExecutor.runAllTasks(SingleThreadEventExecutor.java:403) ~[?:?]
	at io.netty.channel.nio.NioEventLoop.run(NioEventLoop.java:462) ~[?:?]
	at io.netty.util.concurrent.SingleThreadEventExecutor$5.run(SingleThreadEventExecutor.java:858) ~[?:?]
	at java.lang.Thread.run(Thread.java:748) [?:1.8.0_144]
[2017-08-31T20:41:22,370][INFO ][o.e.n.Node               ] [rnQD3QO] stopping ...
[2017-08-31T20:41:22,378][INFO ][o.e.n.Node               ] [rnQD3QO] stopped
[2017-08-31T20:41:22,378][INFO ][o.e.n.Node               ] [rnQD3QO] closing ...
[2017-08-31T20:41:22,392][INFO ][o.e.n.Node               ] [rnQD3QO] closed
[2017-08-31T20:41:57,122][INFO ][o.e.n.Node               ] [] initializing ...
[2017-08-31T20:41:57,277][INFO ][o.e.e.NodeEnvironment    ] [rnQD3QO] using [1] data paths, mounts [[/ (/dev/disk0s2)]], net usable_space [71.1gb], net total_space [118.4gb], spins? [unknown], types [hfs]
[2017-08-31T20:41:57,278][INFO ][o.e.e.NodeEnvironment    ] [rnQD3QO] heap size [1.9gb], compressed ordinary object pointers [true]
[2017-08-31T20:41:57,410][INFO ][o.e.n.Node               ] node name [rnQD3QO] derived from node ID [rnQD3QOKRgq3maAyhuE5gQ]; set [node.name] to override
[2017-08-31T20:41:57,422][INFO ][o.e.n.Node               ] version[5.5.2], pid[88975], build[b2f0c09/2017-08-14T12:33:14.154Z], OS[Mac OS X/10.11.6/x86_64], JVM[Oracle Corporation/Java HotSpot(TM) 64-Bit Server VM/1.8.0_144/25.144-b01]
[2017-08-31T20:41:57,423][INFO ][o.e.n.Node               ] JVM arguments [-Xms2g, -Xmx2g, -XX:+UseConcMarkSweepGC, -XX:CMSInitiatingOccupancyFraction=75, -XX:+UseCMSInitiatingOccupancyOnly, -XX:+AlwaysPreTouch, -Xss1m, -Djava.awt.headless=true, -Dfile.encoding=UTF-8, -Djna.nosys=true, -Djdk.io.permissionsUseCanonicalPath=true, -Dio.netty.noUnsafe=true, -Dio.netty.noKeySetOptimization=true, -Dio.netty.recycler.maxCapacityPerThread=0, -Dlog4j.shutdownHookEnabled=false, -Dlog4j2.disable.jmx=true, -Dlog4j.skipJansi=true, -XX:+HeapDumpOnOutOfMemoryError, -Des.path.home=/Users/darkindom/Desktop/spidder/elasticsearch-5.5.2]
[2017-08-31T20:41:59,906][INFO ][o.e.p.PluginsService     ] [rnQD3QO] loaded module [aggs-matrix-stats]
[2017-08-31T20:41:59,907][INFO ][o.e.p.PluginsService     ] [rnQD3QO] loaded module [ingest-common]
[2017-08-31T20:41:59,907][INFO ][o.e.p.PluginsService     ] [rnQD3QO] loaded module [lang-expression]
[2017-08-31T20:41:59,907][INFO ][o.e.p.PluginsService     ] [rnQD3QO] loaded module [lang-groovy]
[2017-08-31T20:41:59,907][INFO ][o.e.p.PluginsService     ] [rnQD3QO] loaded module [lang-mustache]
[2017-08-31T20:41:59,908][INFO ][o.e.p.PluginsService     ] [rnQD3QO] loaded module [lang-painless]
[2017-08-31T20:41:59,908][INFO ][o.e.p.PluginsService     ] [rnQD3QO] loaded module [parent-join]
[2017-08-31T20:41:59,909][INFO ][o.e.p.PluginsService     ] [rnQD3QO] loaded module [percolator]
[2017-08-31T20:41:59,909][INFO ][o.e.p.PluginsService     ] [rnQD3QO] loaded module [reindex]
[2017-08-31T20:41:59,909][INFO ][o.e.p.PluginsService     ] [rnQD3QO] loaded module [transport-netty3]
[2017-08-31T20:41:59,909][INFO ][o.e.p.PluginsService     ] [rnQD3QO] loaded module [transport-netty4]
[2017-08-31T20:41:59,910][INFO ][o.e.p.PluginsService     ] [rnQD3QO] no plugins loaded
[2017-08-31T20:42:02,833][INFO ][o.e.d.DiscoveryModule    ] [rnQD3QO] using discovery type [zen]
[2017-08-31T20:42:03,938][INFO ][o.e.n.Node               ] initialized
[2017-08-31T20:42:03,939][INFO ][o.e.n.Node               ] [rnQD3QO] starting ...
[2017-08-31T20:42:04,540][ERROR][o.e.b.Bootstrap          ] [rnQD3QO] Exception
org.elasticsearch.transport.BindTransportException: Failed to bind to [9300-9400]
	at org.elasticsearch.transport.TcpTransport.bindToPort(TcpTransport.java:793) ~[elasticsearch-5.5.2.jar:5.5.2]
	at org.elasticsearch.transport.TcpTransport.bindServer(TcpTransport.java:758) ~[elasticsearch-5.5.2.jar:5.5.2]
	at org.elasticsearch.transport.netty4.Netty4Transport.doStart(Netty4Transport.java:173) ~[?:?]
	at org.elasticsearch.common.component.AbstractLifecycleComponent.start(AbstractLifecycleComponent.java:69) ~[elasticsearch-5.5.2.jar:5.5.2]
	at org.elasticsearch.transport.TransportService.doStart(TransportService.java:209) ~[elasticsearch-5.5.2.jar:5.5.2]
	at org.elasticsearch.common.component.AbstractLifecycleComponent.start(AbstractLifecycleComponent.java:69) ~[elasticsearch-5.5.2.jar:5.5.2]
	at org.elasticsearch.node.Node.start(Node.java:692) ~[elasticsearch-5.5.2.jar:5.5.2]
	at org.elasticsearch.bootstrap.Bootstrap.start(Bootstrap.java:277) ~[elasticsearch-5.5.2.jar:5.5.2]
	at org.elasticsearch.bootstrap.Bootstrap.init(Bootstrap.java:360) [elasticsearch-5.5.2.jar:5.5.2]
	at org.elasticsearch.bootstrap.Elasticsearch.init(Elasticsearch.java:123) [elasticsearch-5.5.2.jar:5.5.2]
	at org.elasticsearch.bootstrap.Elasticsearch.execute(Elasticsearch.java:114) [elasticsearch-5.5.2.jar:5.5.2]
	at org.elasticsearch.cli.EnvironmentAwareCommand.execute(EnvironmentAwareCommand.java:67) [elasticsearch-5.5.2.jar:5.5.2]
	at org.elasticsearch.cli.Command.mainWithoutErrorHandling(Command.java:122) [elasticsearch-5.5.2.jar:5.5.2]
	at org.elasticsearch.cli.Command.main(Command.java:88) [elasticsearch-5.5.2.jar:5.5.2]
	at org.elasticsearch.bootstrap.Elasticsearch.main(Elasticsearch.java:91) [elasticsearch-5.5.2.jar:5.5.2]
	at org.elasticsearch.bootstrap.Elasticsearch.main(Elasticsearch.java:84) [elasticsearch-5.5.2.jar:5.5.2]
Caused by: java.net.BindException: Can't assign requested address
	at sun.nio.ch.Net.bind0(Native Method) ~[?:?]
	at sun.nio.ch.Net.bind(Net.java:433) ~[?:?]
	at sun.nio.ch.Net.bind(Net.java:425) ~[?:?]
	at sun.nio.ch.ServerSocketChannelImpl.bind(ServerSocketChannelImpl.java:223) ~[?:?]
	at io.netty.channel.socket.nio.NioServerSocketChannel.doBind(NioServerSocketChannel.java:128) ~[?:?]
	at io.netty.channel.AbstractChannel$AbstractUnsafe.bind(AbstractChannel.java:554) ~[?:?]
	at io.netty.channel.DefaultChannelPipeline$HeadContext.bind(DefaultChannelPipeline.java:1258) ~[?:?]
	at io.netty.channel.AbstractChannelHandlerContext.invokeBind(AbstractChannelHandlerContext.java:501) ~[?:?]
	at io.netty.channel.AbstractChannelHandlerContext.bind(AbstractChannelHandlerContext.java:486) ~[?:?]
	at io.netty.channel.DefaultChannelPipeline.bind(DefaultChannelPipeline.java:980) ~[?:?]
	at io.netty.channel.AbstractChannel.bind(AbstractChannel.java:250) ~[?:?]
	at io.netty.bootstrap.AbstractBootstrap$2.run(AbstractBootstrap.java:365) ~[?:?]
	at io.netty.util.concurrent.AbstractEventExecutor.safeExecute(AbstractEventExecutor.java:163) ~[?:?]
	at io.netty.util.concurrent.SingleThreadEventExecutor.runAllTasks(SingleThreadEventExecutor.java:403) ~[?:?]
	at io.netty.channel.nio.NioEventLoop.run(NioEventLoop.java:462) ~[?:?]
	at io.netty.util.concurrent.SingleThreadEventExecutor$5.run(SingleThreadEventExecutor.java:858) ~[?:?]
	at java.lang.Thread.run(Thread.java:748) ~[?:1.8.0_144]
[2017-08-31T20:42:04,560][WARN ][o.e.b.ElasticsearchUncaughtExceptionHandler] [] uncaught exception in thread [main]
org.elasticsearch.bootstrap.StartupException: BindTransportException[Failed to bind to [9300-9400]]; nested: BindException[Can't assign requested address];
	at org.elasticsearch.bootstrap.Elasticsearch.init(Elasticsearch.java:127) ~[elasticsearch-5.5.2.jar:5.5.2]
	at org.elasticsearch.bootstrap.Elasticsearch.execute(Elasticsearch.java:114) ~[elasticsearch-5.5.2.jar:5.5.2]
	at org.elasticsearch.cli.EnvironmentAwareCommand.execute(EnvironmentAwareCommand.java:67) ~[elasticsearch-5.5.2.jar:5.5.2]
	at org.elasticsearch.cli.Command.mainWithoutErrorHandling(Command.java:122) ~[elasticsearch-5.5.2.jar:5.5.2]
	at org.elasticsearch.cli.Command.main(Command.java:88) ~[elasticsearch-5.5.2.jar:5.5.2]
	at org.elasticsearch.bootstrap.Elasticsearch.main(Elasticsearch.java:91) ~[elasticsearch-5.5.2.jar:5.5.2]
	at org.elasticsearch.bootstrap.Elasticsearch.main(Elasticsearch.java:84) ~[elasticsearch-5.5.2.jar:5.5.2]
Caused by: org.elasticsearch.transport.BindTransportException: Failed to bind to [9300-9400]
	at org.elasticsearch.transport.TcpTransport.bindToPort(TcpTransport.java:793) ~[elasticsearch-5.5.2.jar:5.5.2]
	at org.elasticsearch.transport.TcpTransport.bindServer(TcpTransport.java:758) ~[elasticsearch-5.5.2.jar:5.5.2]
	at org.elasticsearch.transport.netty4.Netty4Transport.doStart(Netty4Transport.java:173) ~[?:?]
	at org.elasticsearch.common.component.AbstractLifecycleComponent.start(AbstractLifecycleComponent.java:69) ~[elasticsearch-5.5.2.jar:5.5.2]
	at org.elasticsearch.transport.TransportService.doStart(TransportService.java:209) ~[elasticsearch-5.5.2.jar:5.5.2]
	at org.elasticsearch.common.component.AbstractLifecycleComponent.start(AbstractLifecycleComponent.java:69) ~[elasticsearch-5.5.2.jar:5.5.2]
	at org.elasticsearch.node.Node.start(Node.java:692) ~[elasticsearch-5.5.2.jar:5.5.2]
	at org.elasticsearch.bootstrap.Bootstrap.start(Bootstrap.java:277) ~[elasticsearch-5.5.2.jar:5.5.2]
	at org.elasticsearch.bootstrap.Bootstrap.init(Bootstrap.java:360) ~[elasticsearch-5.5.2.jar:5.5.2]
	at org.elasticsearch.bootstrap.Elasticsearch.init(Elasticsearch.java:123) ~[elasticsearch-5.5.2.jar:5.5.2]
	... 6 more
Caused by: java.net.BindException: Can't assign requested address
	at sun.nio.ch.Net.bind0(Native Method) ~[?:?]
	at sun.nio.ch.Net.bind(Net.java:433) ~[?:?]
	at sun.nio.ch.Net.bind(Net.java:425) ~[?:?]
	at sun.nio.ch.ServerSocketChannelImpl.bind(ServerSocketChannelImpl.java:223) ~[?:?]
	at io.netty.channel.socket.nio.NioServerSocketChannel.doBind(NioServerSocketChannel.java:128) ~[?:?]
	at io.netty.channel.AbstractChannel$AbstractUnsafe.bind(AbstractChannel.java:554) ~[?:?]
	at io.netty.channel.DefaultChannelPipeline$HeadContext.bind(DefaultChannelPipeline.java:1258) ~[?:?]
	at io.netty.channel.AbstractChannelHandlerContext.invokeBind(AbstractChannelHandlerContext.java:501) ~[?:?]
	at io.netty.channel.AbstractChannelHandlerContext.bind(AbstractChannelHandlerContext.java:486) ~[?:?]
	at io.netty.channel.DefaultChannelPipeline.bind(DefaultChannelPipeline.java:980) ~[?:?]
	at io.netty.channel.AbstractChannel.bind(AbstractChannel.java:250) ~[?:?]
	at io.netty.bootstrap.AbstractBootstrap$2.run(AbstractBootstrap.java:365) ~[?:?]
	at io.netty.util.concurrent.AbstractEventExecutor.safeExecute(AbstractEventExecutor.java:163) ~[?:?]
	at io.netty.util.concurrent.SingleThreadEventExecutor.runAllTasks(SingleThreadEventExecutor.java:403) ~[?:?]
	at io.netty.channel.nio.NioEventLoop.run(NioEventLoop.java:462) ~[?:?]
	at io.netty.util.concurrent.SingleThreadEventExecutor$5.run(SingleThreadEventExecutor.java:858) ~[?:?]
	at java.lang.Thread.run(Thread.java:748) [?:1.8.0_144]
[2017-08-31T20:42:05,041][INFO ][o.e.n.Node               ] [rnQD3QO] stopping ...
[2017-08-31T20:42:05,044][INFO ][o.e.n.Node               ] [rnQD3QO] stopped
[2017-08-31T20:42:05,044][INFO ][o.e.n.Node               ] [rnQD3QO] closing ...
[2017-08-31T20:42:05,057][INFO ][o.e.n.Node               ] [rnQD3QO] closed
[2017-08-31T20:47:45,015][INFO ][o.e.n.Node               ] [] initializing ...
[2017-08-31T20:47:45,145][INFO ][o.e.e.NodeEnvironment    ] [rnQD3QO] using [1] data paths, mounts [[/ (/dev/disk0s2)]], net usable_space [71.1gb], net total_space [118.4gb], spins? [unknown], types [hfs]
[2017-08-31T20:47:45,146][INFO ][o.e.e.NodeEnvironment    ] [rnQD3QO] heap size [1.9gb], compressed ordinary object pointers [true]
[2017-08-31T20:47:45,171][INFO ][o.e.n.Node               ] node name [rnQD3QO] derived from node ID [rnQD3QOKRgq3maAyhuE5gQ]; set [node.name] to override
[2017-08-31T20:47:45,172][INFO ][o.e.n.Node               ] version[5.5.2], pid[89367], build[b2f0c09/2017-08-14T12:33:14.154Z], OS[Mac OS X/10.11.6/x86_64], JVM[Oracle Corporation/Java HotSpot(TM) 64-Bit Server VM/1.8.0_144/25.144-b01]
[2017-08-31T20:47:45,172][INFO ][o.e.n.Node               ] JVM arguments [-Xms2g, -Xmx2g, -XX:+UseConcMarkSweepGC, -XX:CMSInitiatingOccupancyFraction=75, -XX:+UseCMSInitiatingOccupancyOnly, -XX:+AlwaysPreTouch, -Xss1m, -Djava.awt.headless=true, -Dfile.encoding=UTF-8, -Djna.nosys=true, -Djdk.io.permissionsUseCanonicalPath=true, -Dio.netty.noUnsafe=true, -Dio.netty.noKeySetOptimization=true, -Dio.netty.recycler.maxCapacityPerThread=0, -Dlog4j.shutdownHookEnabled=false, -Dlog4j2.disable.jmx=true, -Dlog4j.skipJansi=true, -XX:+HeapDumpOnOutOfMemoryError, -Des.path.home=/Users/darkindom/Desktop/spidder/elasticsearch-5.5.2]
[2017-08-31T20:47:47,640][INFO ][o.e.p.PluginsService     ] [rnQD3QO] loaded module [aggs-matrix-stats]
[2017-08-31T20:47:47,641][INFO ][o.e.p.PluginsService     ] [rnQD3QO] loaded module [ingest-common]
[2017-08-31T20:47:47,641][INFO ][o.e.p.PluginsService     ] [rnQD3QO] loaded module [lang-expression]
[2017-08-31T20:47:47,641][INFO ][o.e.p.PluginsService     ] [rnQD3QO] loaded module [lang-groovy]
[2017-08-31T20:47:47,642][INFO ][o.e.p.PluginsService     ] [rnQD3QO] loaded module [lang-mustache]
[2017-08-31T20:47:47,642][INFO ][o.e.p.PluginsService     ] [rnQD3QO] loaded module [lang-painless]
[2017-08-31T20:47:47,642][INFO ][o.e.p.PluginsService     ] [rnQD3QO] loaded module [parent-join]
[2017-08-31T20:47:47,642][INFO ][o.e.p.PluginsService     ] [rnQD3QO] loaded module [percolator]
[2017-08-31T20:47:47,643][INFO ][o.e.p.PluginsService     ] [rnQD3QO] loaded module [reindex]
[2017-08-31T20:47:47,643][INFO ][o.e.p.PluginsService     ] [rnQD3QO] loaded module [transport-netty3]
[2017-08-31T20:47:47,643][INFO ][o.e.p.PluginsService     ] [rnQD3QO] loaded module [transport-netty4]
[2017-08-31T20:47:47,644][INFO ][o.e.p.PluginsService     ] [rnQD3QO] no plugins loaded
[2017-08-31T20:47:50,631][INFO ][o.e.d.DiscoveryModule    ] [rnQD3QO] using discovery type [zen]
[2017-08-31T20:47:51,935][INFO ][o.e.n.Node               ] initialized
[2017-08-31T20:47:51,936][INFO ][o.e.n.Node               ] [rnQD3QO] starting ...
[2017-08-31T20:47:52,617][ERROR][o.e.b.Bootstrap          ] [rnQD3QO] Exception
org.elasticsearch.transport.BindTransportException: Failed to bind to [9300-9400]
	at org.elasticsearch.transport.TcpTransport.bindToPort(TcpTransport.java:793) ~[elasticsearch-5.5.2.jar:5.5.2]
	at org.elasticsearch.transport.TcpTransport.bindServer(TcpTransport.java:758) ~[elasticsearch-5.5.2.jar:5.5.2]
	at org.elasticsearch.transport.netty4.Netty4Transport.doStart(Netty4Transport.java:173) ~[?:?]
	at org.elasticsearch.common.component.AbstractLifecycleComponent.start(AbstractLifecycleComponent.java:69) ~[elasticsearch-5.5.2.jar:5.5.2]
	at org.elasticsearch.transport.TransportService.doStart(TransportService.java:209) ~[elasticsearch-5.5.2.jar:5.5.2]
	at org.elasticsearch.common.component.AbstractLifecycleComponent.start(AbstractLifecycleComponent.java:69) ~[elasticsearch-5.5.2.jar:5.5.2]
	at org.elasticsearch.node.Node.start(Node.java:692) ~[elasticsearch-5.5.2.jar:5.5.2]
	at org.elasticsearch.bootstrap.Bootstrap.start(Bootstrap.java:277) ~[elasticsearch-5.5.2.jar:5.5.2]
	at org.elasticsearch.bootstrap.Bootstrap.init(Bootstrap.java:360) [elasticsearch-5.5.2.jar:5.5.2]
	at org.elasticsearch.bootstrap.Elasticsearch.init(Elasticsearch.java:123) [elasticsearch-5.5.2.jar:5.5.2]
	at org.elasticsearch.bootstrap.Elasticsearch.execute(Elasticsearch.java:114) [elasticsearch-5.5.2.jar:5.5.2]
	at org.elasticsearch.cli.EnvironmentAwareCommand.execute(EnvironmentAwareCommand.java:67) [elasticsearch-5.5.2.jar:5.5.2]
	at org.elasticsearch.cli.Command.mainWithoutErrorHandling(Command.java:122) [elasticsearch-5.5.2.jar:5.5.2]
	at org.elasticsearch.cli.Command.main(Command.java:88) [elasticsearch-5.5.2.jar:5.5.2]
	at org.elasticsearch.bootstrap.Elasticsearch.main(Elasticsearch.java:91) [elasticsearch-5.5.2.jar:5.5.2]
	at org.elasticsearch.bootstrap.Elasticsearch.main(Elasticsearch.java:84) [elasticsearch-5.5.2.jar:5.5.2]
Caused by: java.net.BindException: Can't assign requested address
	at sun.nio.ch.Net.bind0(Native Method) ~[?:?]
	at sun.nio.ch.Net.bind(Net.java:433) ~[?:?]
	at sun.nio.ch.Net.bind(Net.java:425) ~[?:?]
	at sun.nio.ch.ServerSocketChannelImpl.bind(ServerSocketChannelImpl.java:223) ~[?:?]
	at io.netty.channel.socket.nio.NioServerSocketChannel.doBind(NioServerSocketChannel.java:128) ~[?:?]
	at io.netty.channel.AbstractChannel$AbstractUnsafe.bind(AbstractChannel.java:554) ~[?:?]
	at io.netty.channel.DefaultChannelPipeline$HeadContext.bind(DefaultChannelPipeline.java:1258) ~[?:?]
	at io.netty.channel.AbstractChannelHandlerContext.invokeBind(AbstractChannelHandlerContext.java:501) ~[?:?]
	at io.netty.channel.AbstractChannelHandlerContext.bind(AbstractChannelHandlerContext.java:486) ~[?:?]
	at io.netty.channel.DefaultChannelPipeline.bind(DefaultChannelPipeline.java:980) ~[?:?]
	at io.netty.channel.AbstractChannel.bind(AbstractChannel.java:250) ~[?:?]
	at io.netty.bootstrap.AbstractBootstrap$2.run(AbstractBootstrap.java:365) ~[?:?]
	at io.netty.util.concurrent.AbstractEventExecutor.safeExecute(AbstractEventExecutor.java:163) ~[?:?]
	at io.netty.util.concurrent.SingleThreadEventExecutor.runAllTasks(SingleThreadEventExecutor.java:403) ~[?:?]
	at io.netty.channel.nio.NioEventLoop.run(NioEventLoop.java:462) ~[?:?]
	at io.netty.util.concurrent.SingleThreadEventExecutor$5.run(SingleThreadEventExecutor.java:858) ~[?:?]
	at java.lang.Thread.run(Thread.java:748) ~[?:1.8.0_144]
[2017-08-31T20:47:52,634][WARN ][o.e.b.ElasticsearchUncaughtExceptionHandler] [] uncaught exception in thread [main]
org.elasticsearch.bootstrap.StartupException: BindTransportException[Failed to bind to [9300-9400]]; nested: BindException[Can't assign requested address];
	at org.elasticsearch.bootstrap.Elasticsearch.init(Elasticsearch.java:127) ~[elasticsearch-5.5.2.jar:5.5.2]
	at org.elasticsearch.bootstrap.Elasticsearch.execute(Elasticsearch.java:114) ~[elasticsearch-5.5.2.jar:5.5.2]
	at org.elasticsearch.cli.EnvironmentAwareCommand.execute(EnvironmentAwareCommand.java:67) ~[elasticsearch-5.5.2.jar:5.5.2]
	at org.elasticsearch.cli.Command.mainWithoutErrorHandling(Command.java:122) ~[elasticsearch-5.5.2.jar:5.5.2]
	at org.elasticsearch.cli.Command.main(Command.java:88) ~[elasticsearch-5.5.2.jar:5.5.2]
	at org.elasticsearch.bootstrap.Elasticsearch.main(Elasticsearch.java:91) ~[elasticsearch-5.5.2.jar:5.5.2]
	at org.elasticsearch.bootstrap.Elasticsearch.main(Elasticsearch.java:84) ~[elasticsearch-5.5.2.jar:5.5.2]
Caused by: org.elasticsearch.transport.BindTransportException: Failed to bind to [9300-9400]
	at org.elasticsearch.transport.TcpTransport.bindToPort(TcpTransport.java:793) ~[elasticsearch-5.5.2.jar:5.5.2]
	at org.elasticsearch.transport.TcpTransport.bindServer(TcpTransport.java:758) ~[elasticsearch-5.5.2.jar:5.5.2]
	at org.elasticsearch.transport.netty4.Netty4Transport.doStart(Netty4Transport.java:173) ~[?:?]
	at org.elasticsearch.common.component.AbstractLifecycleComponent.start(AbstractLifecycleComponent.java:69) ~[elasticsearch-5.5.2.jar:5.5.2]
	at org.elasticsearch.transport.TransportService.doStart(TransportService.java:209) ~[elasticsearch-5.5.2.jar:5.5.2]
	at org.elasticsearch.common.component.AbstractLifecycleComponent.start(AbstractLifecycleComponent.java:69) ~[elasticsearch-5.5.2.jar:5.5.2]
	at org.elasticsearch.node.Node.start(Node.java:692) ~[elasticsearch-5.5.2.jar:5.5.2]
	at org.elasticsearch.bootstrap.Bootstrap.start(Bootstrap.java:277) ~[elasticsearch-5.5.2.jar:5.5.2]
	at org.elasticsearch.bootstrap.Bootstrap.init(Bootstrap.java:360) ~[elasticsearch-5.5.2.jar:5.5.2]
	at org.elasticsearch.bootstrap.Elasticsearch.init(Elasticsearch.java:123) ~[elasticsearch-5.5.2.jar:5.5.2]
	... 6 more
Caused by: java.net.BindException: Can't assign requested address
	at sun.nio.ch.Net.bind0(Native Method) ~[?:?]
	at sun.nio.ch.Net.bind(Net.java:433) ~[?:?]
	at sun.nio.ch.Net.bind(Net.java:425) ~[?:?]
	at sun.nio.ch.ServerSocketChannelImpl.bind(ServerSocketChannelImpl.java:223) ~[?:?]
	at io.netty.channel.socket.nio.NioServerSocketChannel.doBind(NioServerSocketChannel.java:128) ~[?:?]
	at io.netty.channel.AbstractChannel$AbstractUnsafe.bind(AbstractChannel.java:554) ~[?:?]
	at io.netty.channel.DefaultChannelPipeline$HeadContext.bind(DefaultChannelPipeline.java:1258) ~[?:?]
	at io.netty.channel.AbstractChannelHandlerContext.invokeBind(AbstractChannelHandlerContext.java:501) ~[?:?]
	at io.netty.channel.AbstractChannelHandlerContext.bind(AbstractChannelHandlerContext.java:486) ~[?:?]
	at io.netty.channel.DefaultChannelPipeline.bind(DefaultChannelPipeline.java:980) ~[?:?]
	at io.netty.channel.AbstractChannel.bind(AbstractChannel.java:250) ~[?:?]
	at io.netty.bootstrap.AbstractBootstrap$2.run(AbstractBootstrap.java:365) ~[?:?]
	at io.netty.util.concurrent.AbstractEventExecutor.safeExecute(AbstractEventExecutor.java:163) ~[?:?]
	at io.netty.util.concurrent.SingleThreadEventExecutor.runAllTasks(SingleThreadEventExecutor.java:403) ~[?:?]
	at io.netty.channel.nio.NioEventLoop.run(NioEventLoop.java:462) ~[?:?]
	at io.netty.util.concurrent.SingleThreadEventExecutor$5.run(SingleThreadEventExecutor.java:858) ~[?:?]
	at java.lang.Thread.run(Thread.java:748) [?:1.8.0_144]
[2017-08-31T20:47:53,036][INFO ][o.e.n.Node               ] [rnQD3QO] stopping ...
[2017-08-31T20:47:53,040][INFO ][o.e.n.Node               ] [rnQD3QO] stopped
[2017-08-31T20:47:53,040][INFO ][o.e.n.Node               ] [rnQD3QO] closing ...
[2017-08-31T20:47:53,054][INFO ][o.e.n.Node               ] [rnQD3QO] closed
[2017-08-31T20:49:04,139][INFO ][o.e.n.Node               ] [] initializing ...
[2017-08-31T20:49:04,301][INFO ][o.e.e.NodeEnvironment    ] [rnQD3QO] using [1] data paths, mounts [[/ (/dev/disk0s2)]], net usable_space [71.1gb], net total_space [118.4gb], spins? [unknown], types [hfs]
[2017-08-31T20:49:04,302][INFO ][o.e.e.NodeEnvironment    ] [rnQD3QO] heap size [1.9gb], compressed ordinary object pointers [true]
[2017-08-31T20:49:04,376][INFO ][o.e.n.Node               ] node name [rnQD3QO] derived from node ID [rnQD3QOKRgq3maAyhuE5gQ]; set [node.name] to override
[2017-08-31T20:49:04,377][INFO ][o.e.n.Node               ] version[5.5.2], pid[89483], build[b2f0c09/2017-08-14T12:33:14.154Z], OS[Mac OS X/10.11.6/x86_64], JVM[Oracle Corporation/Java HotSpot(TM) 64-Bit Server VM/1.8.0_144/25.144-b01]
[2017-08-31T20:49:04,378][INFO ][o.e.n.Node               ] JVM arguments [-Xms2g, -Xmx2g, -XX:+UseConcMarkSweepGC, -XX:CMSInitiatingOccupancyFraction=75, -XX:+UseCMSInitiatingOccupancyOnly, -XX:+AlwaysPreTouch, -Xss1m, -Djava.awt.headless=true, -Dfile.encoding=UTF-8, -Djna.nosys=true, -Djdk.io.permissionsUseCanonicalPath=true, -Dio.netty.noUnsafe=true, -Dio.netty.noKeySetOptimization=true, -Dio.netty.recycler.maxCapacityPerThread=0, -Dlog4j.shutdownHookEnabled=false, -Dlog4j2.disable.jmx=true, -Dlog4j.skipJansi=true, -XX:+HeapDumpOnOutOfMemoryError, -Des.path.home=/Users/darkindom/Desktop/spidder/elasticsearch-5.5.2]
[2017-08-31T20:49:06,739][INFO ][o.e.p.PluginsService     ] [rnQD3QO] loaded module [aggs-matrix-stats]
[2017-08-31T20:49:06,740][INFO ][o.e.p.PluginsService     ] [rnQD3QO] loaded module [ingest-common]
[2017-08-31T20:49:06,740][INFO ][o.e.p.PluginsService     ] [rnQD3QO] loaded module [lang-expression]
[2017-08-31T20:49:06,740][INFO ][o.e.p.PluginsService     ] [rnQD3QO] loaded module [lang-groovy]
[2017-08-31T20:49:06,741][INFO ][o.e.p.PluginsService     ] [rnQD3QO] loaded module [lang-mustache]
[2017-08-31T20:49:06,741][INFO ][o.e.p.PluginsService     ] [rnQD3QO] loaded module [lang-painless]
[2017-08-31T20:49:06,741][INFO ][o.e.p.PluginsService     ] [rnQD3QO] loaded module [parent-join]
[2017-08-31T20:49:06,741][INFO ][o.e.p.PluginsService     ] [rnQD3QO] loaded module [percolator]
[2017-08-31T20:49:06,742][INFO ][o.e.p.PluginsService     ] [rnQD3QO] loaded module [reindex]
[2017-08-31T20:49:06,742][INFO ][o.e.p.PluginsService     ] [rnQD3QO] loaded module [transport-netty3]
[2017-08-31T20:49:06,743][INFO ][o.e.p.PluginsService     ] [rnQD3QO] loaded module [transport-netty4]
[2017-08-31T20:49:06,744][INFO ][o.e.p.PluginsService     ] [rnQD3QO] no plugins loaded
[2017-08-31T20:49:09,690][INFO ][o.e.d.DiscoveryModule    ] [rnQD3QO] using discovery type [zen]
[2017-08-31T20:49:10,867][INFO ][o.e.n.Node               ] initialized
[2017-08-31T20:49:10,868][INFO ][o.e.n.Node               ] [rnQD3QO] starting ...
[2017-08-31T20:49:11,283][ERROR][o.e.b.Bootstrap          ] [rnQD3QO] Exception
org.elasticsearch.transport.BindTransportException: Failed to bind to [9300-9400]
	at org.elasticsearch.transport.TcpTransport.bindToPort(TcpTransport.java:793) ~[elasticsearch-5.5.2.jar:5.5.2]
	at org.elasticsearch.transport.TcpTransport.bindServer(TcpTransport.java:758) ~[elasticsearch-5.5.2.jar:5.5.2]
	at org.elasticsearch.transport.netty4.Netty4Transport.doStart(Netty4Transport.java:173) ~[?:?]
	at org.elasticsearch.common.component.AbstractLifecycleComponent.start(AbstractLifecycleComponent.java:69) ~[elasticsearch-5.5.2.jar:5.5.2]
	at org.elasticsearch.transport.TransportService.doStart(TransportService.java:209) ~[elasticsearch-5.5.2.jar:5.5.2]
	at org.elasticsearch.common.component.AbstractLifecycleComponent.start(AbstractLifecycleComponent.java:69) ~[elasticsearch-5.5.2.jar:5.5.2]
	at org.elasticsearch.node.Node.start(Node.java:692) ~[elasticsearch-5.5.2.jar:5.5.2]
	at org.elasticsearch.bootstrap.Bootstrap.start(Bootstrap.java:277) ~[elasticsearch-5.5.2.jar:5.5.2]
	at org.elasticsearch.bootstrap.Bootstrap.init(Bootstrap.java:360) [elasticsearch-5.5.2.jar:5.5.2]
	at org.elasticsearch.bootstrap.Elasticsearch.init(Elasticsearch.java:123) [elasticsearch-5.5.2.jar:5.5.2]
	at org.elasticsearch.bootstrap.Elasticsearch.execute(Elasticsearch.java:114) [elasticsearch-5.5.2.jar:5.5.2]
	at org.elasticsearch.cli.EnvironmentAwareCommand.execute(EnvironmentAwareCommand.java:67) [elasticsearch-5.5.2.jar:5.5.2]
	at org.elasticsearch.cli.Command.mainWithoutErrorHandling(Command.java:122) [elasticsearch-5.5.2.jar:5.5.2]
	at org.elasticsearch.cli.Command.main(Command.java:88) [elasticsearch-5.5.2.jar:5.5.2]
	at org.elasticsearch.bootstrap.Elasticsearch.main(Elasticsearch.java:91) [elasticsearch-5.5.2.jar:5.5.2]
	at org.elasticsearch.bootstrap.Elasticsearch.main(Elasticsearch.java:84) [elasticsearch-5.5.2.jar:5.5.2]
Caused by: java.net.BindException: Can't assign requested address
	at sun.nio.ch.Net.bind0(Native Method) ~[?:?]
	at sun.nio.ch.Net.bind(Net.java:433) ~[?:?]
	at sun.nio.ch.Net.bind(Net.java:425) ~[?:?]
	at sun.nio.ch.ServerSocketChannelImpl.bind(ServerSocketChannelImpl.java:223) ~[?:?]
	at io.netty.channel.socket.nio.NioServerSocketChannel.doBind(NioServerSocketChannel.java:128) ~[?:?]
	at io.netty.channel.AbstractChannel$AbstractUnsafe.bind(AbstractChannel.java:554) ~[?:?]
	at io.netty.channel.DefaultChannelPipeline$HeadContext.bind(DefaultChannelPipeline.java:1258) ~[?:?]
	at io.netty.channel.AbstractChannelHandlerContext.invokeBind(AbstractChannelHandlerContext.java:501) ~[?:?]
	at io.netty.channel.AbstractChannelHandlerContext.bind(AbstractChannelHandlerContext.java:486) ~[?:?]
	at io.netty.channel.DefaultChannelPipeline.bind(DefaultChannelPipeline.java:980) ~[?:?]
	at io.netty.channel.AbstractChannel.bind(AbstractChannel.java:250) ~[?:?]
	at io.netty.bootstrap.AbstractBootstrap$2.run(AbstractBootstrap.java:365) ~[?:?]
	at io.netty.util.concurrent.AbstractEventExecutor.safeExecute(AbstractEventExecutor.java:163) ~[?:?]
	at io.netty.util.concurrent.SingleThreadEventExecutor.runAllTasks(SingleThreadEventExecutor.java:403) ~[?:?]
	at io.netty.channel.nio.NioEventLoop.run(NioEventLoop.java:462) ~[?:?]
	at io.netty.util.concurrent.SingleThreadEventExecutor$5.run(SingleThreadEventExecutor.java:858) ~[?:?]
	at java.lang.Thread.run(Thread.java:748) ~[?:1.8.0_144]
[2017-08-31T20:49:11,334][WARN ][o.e.b.ElasticsearchUncaughtExceptionHandler] [] uncaught exception in thread [main]
org.elasticsearch.bootstrap.StartupException: BindTransportException[Failed to bind to [9300-9400]]; nested: BindException[Can't assign requested address];
	at org.elasticsearch.bootstrap.Elasticsearch.init(Elasticsearch.java:127) ~[elasticsearch-5.5.2.jar:5.5.2]
	at org.elasticsearch.bootstrap.Elasticsearch.execute(Elasticsearch.java:114) ~[elasticsearch-5.5.2.jar:5.5.2]
	at org.elasticsearch.cli.EnvironmentAwareCommand.execute(EnvironmentAwareCommand.java:67) ~[elasticsearch-5.5.2.jar:5.5.2]
	at org.elasticsearch.cli.Command.mainWithoutErrorHandling(Command.java:122) ~[elasticsearch-5.5.2.jar:5.5.2]
	at org.elasticsearch.cli.Command.main(Command.java:88) ~[elasticsearch-5.5.2.jar:5.5.2]
	at org.elasticsearch.bootstrap.Elasticsearch.main(Elasticsearch.java:91) ~[elasticsearch-5.5.2.jar:5.5.2]
	at org.elasticsearch.bootstrap.Elasticsearch.main(Elasticsearch.java:84) ~[elasticsearch-5.5.2.jar:5.5.2]
Caused by: org.elasticsearch.transport.BindTransportException: Failed to bind to [9300-9400]
	at org.elasticsearch.transport.TcpTransport.bindToPort(TcpTransport.java:793) ~[elasticsearch-5.5.2.jar:5.5.2]
	at org.elasticsearch.transport.TcpTransport.bindServer(TcpTransport.java:758) ~[elasticsearch-5.5.2.jar:5.5.2]
	at org.elasticsearch.transport.netty4.Netty4Transport.doStart(Netty4Transport.java:173) ~[?:?]
	at org.elasticsearch.common.component.AbstractLifecycleComponent.start(AbstractLifecycleComponent.java:69) ~[elasticsearch-5.5.2.jar:5.5.2]
	at org.elasticsearch.transport.TransportService.doStart(TransportService.java:209) ~[elasticsearch-5.5.2.jar:5.5.2]
	at org.elasticsearch.common.component.AbstractLifecycleComponent.start(AbstractLifecycleComponent.java:69) ~[elasticsearch-5.5.2.jar:5.5.2]
	at org.elasticsearch.node.Node.start(Node.java:692) ~[elasticsearch-5.5.2.jar:5.5.2]
	at org.elasticsearch.bootstrap.Bootstrap.start(Bootstrap.java:277) ~[elasticsearch-5.5.2.jar:5.5.2]
	at org.elasticsearch.bootstrap.Bootstrap.init(Bootstrap.java:360) ~[elasticsearch-5.5.2.jar:5.5.2]
	at org.elasticsearch.bootstrap.Elasticsearch.init(Elasticsearch.java:123) ~[elasticsearch-5.5.2.jar:5.5.2]
	... 6 more
Caused by: java.net.BindException: Can't assign requested address
	at sun.nio.ch.Net.bind0(Native Method) ~[?:?]
	at sun.nio.ch.Net.bind(Net.java:433) ~[?:?]
	at sun.nio.ch.Net.bind(Net.java:425) ~[?:?]
	at sun.nio.ch.ServerSocketChannelImpl.bind(ServerSocketChannelImpl.java:223) ~[?:?]
	at io.netty.channel.socket.nio.NioServerSocketChannel.doBind(NioServerSocketChannel.java:128) ~[?:?]
	at io.netty.channel.AbstractChannel$AbstractUnsafe.bind(AbstractChannel.java:554) ~[?:?]
	at io.netty.channel.DefaultChannelPipeline$HeadContext.bind(DefaultChannelPipeline.java:1258) ~[?:?]
	at io.netty.channel.AbstractChannelHandlerContext.invokeBind(AbstractChannelHandlerContext.java:501) ~[?:?]
	at io.netty.channel.AbstractChannelHandlerContext.bind(AbstractChannelHandlerContext.java:486) ~[?:?]
	at io.netty.channel.DefaultChannelPipeline.bind(DefaultChannelPipeline.java:980) ~[?:?]
	at io.netty.channel.AbstractChannel.bind(AbstractChannel.java:250) ~[?:?]
	at io.netty.bootstrap.AbstractBootstrap$2.run(AbstractBootstrap.java:365) ~[?:?]
	at io.netty.util.concurrent.AbstractEventExecutor.safeExecute(AbstractEventExecutor.java:163) ~[?:?]
	at io.netty.util.concurrent.SingleThreadEventExecutor.runAllTasks(SingleThreadEventExecutor.java:403) ~[?:?]
	at io.netty.channel.nio.NioEventLoop.run(NioEventLoop.java:462) ~[?:?]
	at io.netty.util.concurrent.SingleThreadEventExecutor$5.run(SingleThreadEventExecutor.java:858) ~[?:?]
	at java.lang.Thread.run(Thread.java:748) [?:1.8.0_144]
[2017-08-31T20:49:11,955][INFO ][o.e.n.Node               ] [rnQD3QO] stopping ...
[2017-08-31T20:49:11,960][INFO ][o.e.n.Node               ] [rnQD3QO] stopped
[2017-08-31T20:49:11,960][INFO ][o.e.n.Node               ] [rnQD3QO] closing ...
[2017-08-31T20:49:11,985][INFO ][o.e.n.Node               ] [rnQD3QO] closed
[2017-08-31T20:51:53,468][INFO ][o.e.n.Node               ] [] initializing ...
[2017-08-31T20:51:53,600][INFO ][o.e.e.NodeEnvironment    ] [rnQD3QO] using [1] data paths, mounts [[/ (/dev/disk0s2)]], net usable_space [71.1gb], net total_space [118.4gb], spins? [unknown], types [hfs]
[2017-08-31T20:51:53,601][INFO ][o.e.e.NodeEnvironment    ] [rnQD3QO] heap size [1.9gb], compressed ordinary object pointers [true]
[2017-08-31T20:51:53,639][INFO ][o.e.n.Node               ] node name [rnQD3QO] derived from node ID [rnQD3QOKRgq3maAyhuE5gQ]; set [node.name] to override
[2017-08-31T20:51:53,640][INFO ][o.e.n.Node               ] version[5.5.2], pid[89683], build[b2f0c09/2017-08-14T12:33:14.154Z], OS[Mac OS X/10.11.6/x86_64], JVM[Oracle Corporation/Java HotSpot(TM) 64-Bit Server VM/1.8.0_144/25.144-b01]
[2017-08-31T20:51:53,642][INFO ][o.e.n.Node               ] JVM arguments [-Xms2g, -Xmx2g, -XX:+UseConcMarkSweepGC, -XX:CMSInitiatingOccupancyFraction=75, -XX:+UseCMSInitiatingOccupancyOnly, -XX:+AlwaysPreTouch, -Xss1m, -Djava.awt.headless=true, -Dfile.encoding=UTF-8, -Djna.nosys=true, -Djdk.io.permissionsUseCanonicalPath=true, -Dio.netty.noUnsafe=true, -Dio.netty.noKeySetOptimization=true, -Dio.netty.recycler.maxCapacityPerThread=0, -Dlog4j.shutdownHookEnabled=false, -Dlog4j2.disable.jmx=true, -Dlog4j.skipJansi=true, -XX:+HeapDumpOnOutOfMemoryError, -Des.path.home=/Users/darkindom/Desktop/spidder/elasticsearch-5.5.2]
[2017-08-31T20:51:56,271][INFO ][o.e.p.PluginsService     ] [rnQD3QO] loaded module [aggs-matrix-stats]
[2017-08-31T20:51:56,271][INFO ][o.e.p.PluginsService     ] [rnQD3QO] loaded module [ingest-common]
[2017-08-31T20:51:56,273][INFO ][o.e.p.PluginsService     ] [rnQD3QO] loaded module [lang-expression]
[2017-08-31T20:51:56,274][INFO ][o.e.p.PluginsService     ] [rnQD3QO] loaded module [lang-groovy]
[2017-08-31T20:51:56,274][INFO ][o.e.p.PluginsService     ] [rnQD3QO] loaded module [lang-mustache]
[2017-08-31T20:51:56,274][INFO ][o.e.p.PluginsService     ] [rnQD3QO] loaded module [lang-painless]
[2017-08-31T20:51:56,275][INFO ][o.e.p.PluginsService     ] [rnQD3QO] loaded module [parent-join]
[2017-08-31T20:51:56,275][INFO ][o.e.p.PluginsService     ] [rnQD3QO] loaded module [percolator]
[2017-08-31T20:51:56,276][INFO ][o.e.p.PluginsService     ] [rnQD3QO] loaded module [reindex]
[2017-08-31T20:51:56,276][INFO ][o.e.p.PluginsService     ] [rnQD3QO] loaded module [transport-netty3]
[2017-08-31T20:51:56,277][INFO ][o.e.p.PluginsService     ] [rnQD3QO] loaded module [transport-netty4]
[2017-08-31T20:51:56,278][INFO ][o.e.p.PluginsService     ] [rnQD3QO] no plugins loaded
[2017-08-31T20:51:59,173][INFO ][o.e.d.DiscoveryModule    ] [rnQD3QO] using discovery type [zen]
[2017-08-31T20:52:00,577][INFO ][o.e.n.Node               ] initialized
[2017-08-31T20:52:00,578][INFO ][o.e.n.Node               ] [rnQD3QO] starting ...
[2017-08-31T20:52:01,195][ERROR][o.e.b.Bootstrap          ] [rnQD3QO] Exception
org.elasticsearch.transport.BindTransportException: Failed to bind to [9300-9400]
	at org.elasticsearch.transport.TcpTransport.bindToPort(TcpTransport.java:793) ~[elasticsearch-5.5.2.jar:5.5.2]
	at org.elasticsearch.transport.TcpTransport.bindServer(TcpTransport.java:758) ~[elasticsearch-5.5.2.jar:5.5.2]
	at org.elasticsearch.transport.netty4.Netty4Transport.doStart(Netty4Transport.java:173) ~[?:?]
	at org.elasticsearch.common.component.AbstractLifecycleComponent.start(AbstractLifecycleComponent.java:69) ~[elasticsearch-5.5.2.jar:5.5.2]
	at org.elasticsearch.transport.TransportService.doStart(TransportService.java:209) ~[elasticsearch-5.5.2.jar:5.5.2]
	at org.elasticsearch.common.component.AbstractLifecycleComponent.start(AbstractLifecycleComponent.java:69) ~[elasticsearch-5.5.2.jar:5.5.2]
	at org.elasticsearch.node.Node.start(Node.java:692) ~[elasticsearch-5.5.2.jar:5.5.2]
	at org.elasticsearch.bootstrap.Bootstrap.start(Bootstrap.java:277) ~[elasticsearch-5.5.2.jar:5.5.2]
	at org.elasticsearch.bootstrap.Bootstrap.init(Bootstrap.java:360) [elasticsearch-5.5.2.jar:5.5.2]
	at org.elasticsearch.bootstrap.Elasticsearch.init(Elasticsearch.java:123) [elasticsearch-5.5.2.jar:5.5.2]
	at org.elasticsearch.bootstrap.Elasticsearch.execute(Elasticsearch.java:114) [elasticsearch-5.5.2.jar:5.5.2]
	at org.elasticsearch.cli.EnvironmentAwareCommand.execute(EnvironmentAwareCommand.java:67) [elasticsearch-5.5.2.jar:5.5.2]
	at org.elasticsearch.cli.Command.mainWithoutErrorHandling(Command.java:122) [elasticsearch-5.5.2.jar:5.5.2]
	at org.elasticsearch.cli.Command.main(Command.java:88) [elasticsearch-5.5.2.jar:5.5.2]
	at org.elasticsearch.bootstrap.Elasticsearch.main(Elasticsearch.java:91) [elasticsearch-5.5.2.jar:5.5.2]
	at org.elasticsearch.bootstrap.Elasticsearch.main(Elasticsearch.java:84) [elasticsearch-5.5.2.jar:5.5.2]
Caused by: java.net.BindException: Can't assign requested address
	at sun.nio.ch.Net.bind0(Native Method) ~[?:?]
	at sun.nio.ch.Net.bind(Net.java:433) ~[?:?]
	at sun.nio.ch.Net.bind(Net.java:425) ~[?:?]
	at sun.nio.ch.ServerSocketChannelImpl.bind(ServerSocketChannelImpl.java:223) ~[?:?]
	at io.netty.channel.socket.nio.NioServerSocketChannel.doBind(NioServerSocketChannel.java:128) ~[?:?]
	at io.netty.channel.AbstractChannel$AbstractUnsafe.bind(AbstractChannel.java:554) ~[?:?]
	at io.netty.channel.DefaultChannelPipeline$HeadContext.bind(DefaultChannelPipeline.java:1258) ~[?:?]
	at io.netty.channel.AbstractChannelHandlerContext.invokeBind(AbstractChannelHandlerContext.java:501) ~[?:?]
	at io.netty.channel.AbstractChannelHandlerContext.bind(AbstractChannelHandlerContext.java:486) ~[?:?]
	at io.netty.channel.DefaultChannelPipeline.bind(DefaultChannelPipeline.java:980) ~[?:?]
	at io.netty.channel.AbstractChannel.bind(AbstractChannel.java:250) ~[?:?]
	at io.netty.bootstrap.AbstractBootstrap$2.run(AbstractBootstrap.java:365) ~[?:?]
	at io.netty.util.concurrent.AbstractEventExecutor.safeExecute(AbstractEventExecutor.java:163) ~[?:?]
	at io.netty.util.concurrent.SingleThreadEventExecutor.runAllTasks(SingleThreadEventExecutor.java:403) ~[?:?]
	at io.netty.channel.nio.NioEventLoop.run(NioEventLoop.java:462) ~[?:?]
	at io.netty.util.concurrent.SingleThreadEventExecutor$5.run(SingleThreadEventExecutor.java:858) ~[?:?]
	at java.lang.Thread.run(Thread.java:748) ~[?:1.8.0_144]
[2017-08-31T20:52:01,214][WARN ][o.e.b.ElasticsearchUncaughtExceptionHandler] [] uncaught exception in thread [main]
org.elasticsearch.bootstrap.StartupException: BindTransportException[Failed to bind to [9300-9400]]; nested: BindException[Can't assign requested address];
	at org.elasticsearch.bootstrap.Elasticsearch.init(Elasticsearch.java:127) ~[elasticsearch-5.5.2.jar:5.5.2]
	at org.elasticsearch.bootstrap.Elasticsearch.execute(Elasticsearch.java:114) ~[elasticsearch-5.5.2.jar:5.5.2]
	at org.elasticsearch.cli.EnvironmentAwareCommand.execute(EnvironmentAwareCommand.java:67) ~[elasticsearch-5.5.2.jar:5.5.2]
	at org.elasticsearch.cli.Command.mainWithoutErrorHandling(Command.java:122) ~[elasticsearch-5.5.2.jar:5.5.2]
	at org.elasticsearch.cli.Command.main(Command.java:88) ~[elasticsearch-5.5.2.jar:5.5.2]
	at org.elasticsearch.bootstrap.Elasticsearch.main(Elasticsearch.java:91) ~[elasticsearch-5.5.2.jar:5.5.2]
	at org.elasticsearch.bootstrap.Elasticsearch.main(Elasticsearch.java:84) ~[elasticsearch-5.5.2.jar:5.5.2]
Caused by: org.elasticsearch.transport.BindTransportException: Failed to bind to [9300-9400]
	at org.elasticsearch.transport.TcpTransport.bindToPort(TcpTransport.java:793) ~[elasticsearch-5.5.2.jar:5.5.2]
	at org.elasticsearch.transport.TcpTransport.bindServer(TcpTransport.java:758) ~[elasticsearch-5.5.2.jar:5.5.2]
	at org.elasticsearch.transport.netty4.Netty4Transport.doStart(Netty4Transport.java:173) ~[?:?]
	at org.elasticsearch.common.component.AbstractLifecycleComponent.start(AbstractLifecycleComponent.java:69) ~[elasticsearch-5.5.2.jar:5.5.2]
	at org.elasticsearch.transport.TransportService.doStart(TransportService.java:209) ~[elasticsearch-5.5.2.jar:5.5.2]
	at org.elasticsearch.common.component.AbstractLifecycleComponent.start(AbstractLifecycleComponent.java:69) ~[elasticsearch-5.5.2.jar:5.5.2]
	at org.elasticsearch.node.Node.start(Node.java:692) ~[elasticsearch-5.5.2.jar:5.5.2]
	at org.elasticsearch.bootstrap.Bootstrap.start(Bootstrap.java:277) ~[elasticsearch-5.5.2.jar:5.5.2]
	at org.elasticsearch.bootstrap.Bootstrap.init(Bootstrap.java:360) ~[elasticsearch-5.5.2.jar:5.5.2]
	at org.elasticsearch.bootstrap.Elasticsearch.init(Elasticsearch.java:123) ~[elasticsearch-5.5.2.jar:5.5.2]
	... 6 more
Caused by: java.net.BindException: Can't assign requested address
	at sun.nio.ch.Net.bind0(Native Method) ~[?:?]
	at sun.nio.ch.Net.bind(Net.java:433) ~[?:?]
	at sun.nio.ch.Net.bind(Net.java:425) ~[?:?]
	at sun.nio.ch.ServerSocketChannelImpl.bind(ServerSocketChannelImpl.java:223) ~[?:?]
	at io.netty.channel.socket.nio.NioServerSocketChannel.doBind(NioServerSocketChannel.java:128) ~[?:?]
	at io.netty.channel.AbstractChannel$AbstractUnsafe.bind(AbstractChannel.java:554) ~[?:?]
	at io.netty.channel.DefaultChannelPipeline$HeadContext.bind(DefaultChannelPipeline.java:1258) ~[?:?]
	at io.netty.channel.AbstractChannelHandlerContext.invokeBind(AbstractChannelHandlerContext.java:501) ~[?:?]
	at io.netty.channel.AbstractChannelHandlerContext.bind(AbstractChannelHandlerContext.java:486) ~[?:?]
	at io.netty.channel.DefaultChannelPipeline.bind(DefaultChannelPipeline.java:980) ~[?:?]
	at io.netty.channel.AbstractChannel.bind(AbstractChannel.java:250) ~[?:?]
	at io.netty.bootstrap.AbstractBootstrap$2.run(AbstractBootstrap.java:365) ~[?:?]
	at io.netty.util.concurrent.AbstractEventExecutor.safeExecute(AbstractEventExecutor.java:163) ~[?:?]
	at io.netty.util.concurrent.SingleThreadEventExecutor.runAllTasks(SingleThreadEventExecutor.java:403) ~[?:?]
	at io.netty.channel.nio.NioEventLoop.run(NioEventLoop.java:462) ~[?:?]
	at io.netty.util.concurrent.SingleThreadEventExecutor$5.run(SingleThreadEventExecutor.java:858) ~[?:?]
	at java.lang.Thread.run(Thread.java:748) [?:1.8.0_144]
[2017-08-31T20:52:01,670][INFO ][o.e.n.Node               ] [rnQD3QO] stopping ...
[2017-08-31T20:52:01,674][INFO ][o.e.n.Node               ] [rnQD3QO] stopped
[2017-08-31T20:52:01,674][INFO ][o.e.n.Node               ] [rnQD3QO] closing ...
[2017-08-31T20:52:01,688][INFO ][o.e.n.Node               ] [rnQD3QO] closed
