[2017-09-02T13:03:01,145][INFO ][o.e.n.Node               ] [] initializing ...
[2017-09-02T13:03:01,362][INFO ][o.e.e.NodeEnvironment    ] [rnQD3QO] using [1] data paths, mounts [[/ (/dev/disk0s2)]], net usable_space [72.9gb], net total_space [118.4gb], spins? [unknown], types [hfs]
[2017-09-02T13:03:01,364][INFO ][o.e.e.NodeEnvironment    ] [rnQD3QO] heap size [1.9gb], compressed ordinary object pointers [true]
[2017-09-02T13:03:01,459][INFO ][o.e.n.Node               ] node name [rnQD3QO] derived from node ID [rnQD3QOKRgq3maAyhuE5gQ]; set [node.name] to override
[2017-09-02T13:03:01,459][INFO ][o.e.n.Node               ] version[5.5.2], pid[7797], build[b2f0c09/2017-08-14T12:33:14.154Z], OS[Mac OS X/10.11.6/x86_64], JVM[Oracle Corporation/Java HotSpot(TM) 64-Bit Server VM/1.8.0_144/25.144-b01]
[2017-09-02T13:03:01,461][INFO ][o.e.n.Node               ] JVM arguments [-Xms2g, -Xmx2g, -XX:+UseConcMarkSweepGC, -XX:CMSInitiatingOccupancyFraction=75, -XX:+UseCMSInitiatingOccupancyOnly, -XX:+AlwaysPreTouch, -Xss1m, -Djava.awt.headless=true, -Dfile.encoding=UTF-8, -Djna.nosys=true, -Djdk.io.permissionsUseCanonicalPath=true, -Dio.netty.noUnsafe=true, -Dio.netty.noKeySetOptimization=true, -Dio.netty.recycler.maxCapacityPerThread=0, -Dlog4j.shutdownHookEnabled=false, -Dlog4j2.disable.jmx=true, -Dlog4j.skipJansi=true, -XX:+HeapDumpOnOutOfMemoryError, -Des.path.home=/Users/darkindom/Desktop/spidder/elasticsearch-5.5.2]
[2017-09-02T13:03:03,888][INFO ][o.e.p.PluginsService     ] [rnQD3QO] loaded module [aggs-matrix-stats]
[2017-09-02T13:03:03,888][INFO ][o.e.p.PluginsService     ] [rnQD3QO] loaded module [ingest-common]
[2017-09-02T13:03:03,889][INFO ][o.e.p.PluginsService     ] [rnQD3QO] loaded module [lang-expression]
[2017-09-02T13:03:03,889][INFO ][o.e.p.PluginsService     ] [rnQD3QO] loaded module [lang-groovy]
[2017-09-02T13:03:03,889][INFO ][o.e.p.PluginsService     ] [rnQD3QO] loaded module [lang-mustache]
[2017-09-02T13:03:03,890][INFO ][o.e.p.PluginsService     ] [rnQD3QO] loaded module [lang-painless]
[2017-09-02T13:03:03,890][INFO ][o.e.p.PluginsService     ] [rnQD3QO] loaded module [parent-join]
[2017-09-02T13:03:03,890][INFO ][o.e.p.PluginsService     ] [rnQD3QO] loaded module [percolator]
[2017-09-02T13:03:03,890][INFO ][o.e.p.PluginsService     ] [rnQD3QO] loaded module [reindex]
[2017-09-02T13:03:03,891][INFO ][o.e.p.PluginsService     ] [rnQD3QO] loaded module [transport-netty3]
[2017-09-02T13:03:03,891][INFO ][o.e.p.PluginsService     ] [rnQD3QO] loaded module [transport-netty4]
[2017-09-02T13:03:03,892][INFO ][o.e.p.PluginsService     ] [rnQD3QO] no plugins loaded
[2017-09-02T13:03:06,885][INFO ][o.e.d.DiscoveryModule    ] [rnQD3QO] using discovery type [zen]
[2017-09-02T13:03:08,076][INFO ][o.e.n.Node               ] initialized
[2017-09-02T13:03:08,076][INFO ][o.e.n.Node               ] [rnQD3QO] starting ...
[2017-09-02T13:03:08,701][ERROR][o.e.b.Bootstrap          ] [rnQD3QO] Exception
org.elasticsearch.transport.BindTransportException: Failed to bind to [9300-9400]
	at org.elasticsearch.transport.TcpTransport.bindToPort(TcpTransport.java:793) ~[elasticsearch-5.5.2.jar:5.5.2]
	at org.elasticsearch.transport.TcpTransport.bindServer(TcpTransport.java:758) ~[elasticsearch-5.5.2.jar:5.5.2]
	at org.elasticsearch.transport.netty4.Netty4Transport.doStart(Netty4Transport.java:173) ~[?:?]
	at org.elasticsearch.common.component.AbstractLifecycleComponent.start(AbstractLifecycleComponent.java:69) ~[elasticsearch-5.5.2.jar:5.5.2]
	at org.elasticsearch.transport.TransportService.doStart(TransportService.java:209) ~[elasticsearch-5.5.2.jar:5.5.2]
	at org.elasticsearch.common.component.AbstractLifecycleComponent.start(AbstractLifecycleComponent.java:69) ~[elasticsearch-5.5.2.jar:5.5.2]
	at org.elasticsearch.node.Node.start(Node.java:692) ~[elasticsearch-5.5.2.jar:5.5.2]
	at org.elasticsearch.bootstrap.Bootstrap.start(Bootstrap.java:277) ~[elasticsearch-5.5.2.jar:5.5.2]
	at org.elasticsearch.bootstrap.Bootstrap.init(Bootstrap.java:360) [elasticsearch-5.5.2.jar:5.5.2]
	at org.elasticsearch.bootstrap.Elasticsearch.init(Elasticsearch.java:123) [elasticsearch-5.5.2.jar:5.5.2]
	at org.elasticsearch.bootstrap.Elasticsearch.execute(Elasticsearch.java:114) [elasticsearch-5.5.2.jar:5.5.2]
	at org.elasticsearch.cli.EnvironmentAwareCommand.execute(EnvironmentAwareCommand.java:67) [elasticsearch-5.5.2.jar:5.5.2]
	at org.elasticsearch.cli.Command.mainWithoutErrorHandling(Command.java:122) [elasticsearch-5.5.2.jar:5.5.2]
	at org.elasticsearch.cli.Command.main(Command.java:88) [elasticsearch-5.5.2.jar:5.5.2]
	at org.elasticsearch.bootstrap.Elasticsearch.main(Elasticsearch.java:91) [elasticsearch-5.5.2.jar:5.5.2]
	at org.elasticsearch.bootstrap.Elasticsearch.main(Elasticsearch.java:84) [elasticsearch-5.5.2.jar:5.5.2]
Caused by: java.net.BindException: Can't assign requested address
	at sun.nio.ch.Net.bind0(Native Method) ~[?:?]
	at sun.nio.ch.Net.bind(Net.java:433) ~[?:?]
	at sun.nio.ch.Net.bind(Net.java:425) ~[?:?]
	at sun.nio.ch.ServerSocketChannelImpl.bind(ServerSocketChannelImpl.java:223) ~[?:?]
	at io.netty.channel.socket.nio.NioServerSocketChannel.doBind(NioServerSocketChannel.java:128) ~[?:?]
	at io.netty.channel.AbstractChannel$AbstractUnsafe.bind(AbstractChannel.java:554) ~[?:?]
	at io.netty.channel.DefaultChannelPipeline$HeadContext.bind(DefaultChannelPipeline.java:1258) ~[?:?]
	at io.netty.channel.AbstractChannelHandlerContext.invokeBind(AbstractChannelHandlerContext.java:501) ~[?:?]
	at io.netty.channel.AbstractChannelHandlerContext.bind(AbstractChannelHandlerContext.java:486) ~[?:?]
	at io.netty.channel.DefaultChannelPipeline.bind(DefaultChannelPipeline.java:980) ~[?:?]
	at io.netty.channel.AbstractChannel.bind(AbstractChannel.java:250) ~[?:?]
	at io.netty.bootstrap.AbstractBootstrap$2.run(AbstractBootstrap.java:365) ~[?:?]
	at io.netty.util.concurrent.AbstractEventExecutor.safeExecute(AbstractEventExecutor.java:163) ~[?:?]
	at io.netty.util.concurrent.SingleThreadEventExecutor.runAllTasks(SingleThreadEventExecutor.java:403) ~[?:?]
	at io.netty.channel.nio.NioEventLoop.run(NioEventLoop.java:462) ~[?:?]
	at io.netty.util.concurrent.SingleThreadEventExecutor$5.run(SingleThreadEventExecutor.java:858) ~[?:?]
	at java.lang.Thread.run(Thread.java:748) ~[?:1.8.0_144]
[2017-09-02T13:03:08,720][WARN ][o.e.b.ElasticsearchUncaughtExceptionHandler] [] uncaught exception in thread [main]
org.elasticsearch.bootstrap.StartupException: BindTransportException[Failed to bind to [9300-9400]]; nested: BindException[Can't assign requested address];
	at org.elasticsearch.bootstrap.Elasticsearch.init(Elasticsearch.java:127) ~[elasticsearch-5.5.2.jar:5.5.2]
	at org.elasticsearch.bootstrap.Elasticsearch.execute(Elasticsearch.java:114) ~[elasticsearch-5.5.2.jar:5.5.2]
	at org.elasticsearch.cli.EnvironmentAwareCommand.execute(EnvironmentAwareCommand.java:67) ~[elasticsearch-5.5.2.jar:5.5.2]
	at org.elasticsearch.cli.Command.mainWithoutErrorHandling(Command.java:122) ~[elasticsearch-5.5.2.jar:5.5.2]
	at org.elasticsearch.cli.Command.main(Command.java:88) ~[elasticsearch-5.5.2.jar:5.5.2]
	at org.elasticsearch.bootstrap.Elasticsearch.main(Elasticsearch.java:91) ~[elasticsearch-5.5.2.jar:5.5.2]
	at org.elasticsearch.bootstrap.Elasticsearch.main(Elasticsearch.java:84) ~[elasticsearch-5.5.2.jar:5.5.2]
Caused by: org.elasticsearch.transport.BindTransportException: Failed to bind to [9300-9400]
	at org.elasticsearch.transport.TcpTransport.bindToPort(TcpTransport.java:793) ~[elasticsearch-5.5.2.jar:5.5.2]
	at org.elasticsearch.transport.TcpTransport.bindServer(TcpTransport.java:758) ~[elasticsearch-5.5.2.jar:5.5.2]
	at org.elasticsearch.transport.netty4.Netty4Transport.doStart(Netty4Transport.java:173) ~[?:?]
	at org.elasticsearch.common.component.AbstractLifecycleComponent.start(AbstractLifecycleComponent.java:69) ~[elasticsearch-5.5.2.jar:5.5.2]
	at org.elasticsearch.transport.TransportService.doStart(TransportService.java:209) ~[elasticsearch-5.5.2.jar:5.5.2]
	at org.elasticsearch.common.component.AbstractLifecycleComponent.start(AbstractLifecycleComponent.java:69) ~[elasticsearch-5.5.2.jar:5.5.2]
	at org.elasticsearch.node.Node.start(Node.java:692) ~[elasticsearch-5.5.2.jar:5.5.2]
	at org.elasticsearch.bootstrap.Bootstrap.start(Bootstrap.java:277) ~[elasticsearch-5.5.2.jar:5.5.2]
	at org.elasticsearch.bootstrap.Bootstrap.init(Bootstrap.java:360) ~[elasticsearch-5.5.2.jar:5.5.2]
	at org.elasticsearch.bootstrap.Elasticsearch.init(Elasticsearch.java:123) ~[elasticsearch-5.5.2.jar:5.5.2]
	... 6 more
Caused by: java.net.BindException: Can't assign requested address
	at sun.nio.ch.Net.bind0(Native Method) ~[?:?]
	at sun.nio.ch.Net.bind(Net.java:433) ~[?:?]
	at sun.nio.ch.Net.bind(Net.java:425) ~[?:?]
	at sun.nio.ch.ServerSocketChannelImpl.bind(ServerSocketChannelImpl.java:223) ~[?:?]
	at io.netty.channel.socket.nio.NioServerSocketChannel.doBind(NioServerSocketChannel.java:128) ~[?:?]
	at io.netty.channel.AbstractChannel$AbstractUnsafe.bind(AbstractChannel.java:554) ~[?:?]
	at io.netty.channel.DefaultChannelPipeline$HeadContext.bind(DefaultChannelPipeline.java:1258) ~[?:?]
	at io.netty.channel.AbstractChannelHandlerContext.invokeBind(AbstractChannelHandlerContext.java:501) ~[?:?]
	at io.netty.channel.AbstractChannelHandlerContext.bind(AbstractChannelHandlerContext.java:486) ~[?:?]
	at io.netty.channel.DefaultChannelPipeline.bind(DefaultChannelPipeline.java:980) ~[?:?]
	at io.netty.channel.AbstractChannel.bind(AbstractChannel.java:250) ~[?:?]
	at io.netty.bootstrap.AbstractBootstrap$2.run(AbstractBootstrap.java:365) ~[?:?]
	at io.netty.util.concurrent.AbstractEventExecutor.safeExecute(AbstractEventExecutor.java:163) ~[?:?]
	at io.netty.util.concurrent.SingleThreadEventExecutor.runAllTasks(SingleThreadEventExecutor.java:403) ~[?:?]
	at io.netty.channel.nio.NioEventLoop.run(NioEventLoop.java:462) ~[?:?]
	at io.netty.util.concurrent.SingleThreadEventExecutor$5.run(SingleThreadEventExecutor.java:858) ~[?:?]
	at java.lang.Thread.run(Thread.java:748) [?:1.8.0_144]
[2017-09-02T13:03:09,212][INFO ][o.e.n.Node               ] [rnQD3QO] stopping ...
[2017-09-02T13:03:09,219][INFO ][o.e.n.Node               ] [rnQD3QO] stopped
[2017-09-02T13:03:09,219][INFO ][o.e.n.Node               ] [rnQD3QO] closing ...
[2017-09-02T13:03:09,256][INFO ][o.e.n.Node               ] [rnQD3QO] closed
[2017-09-02T13:04:09,503][INFO ][o.e.n.Node               ] [] initializing ...
[2017-09-02T13:04:09,643][INFO ][o.e.e.NodeEnvironment    ] [rnQD3QO] using [1] data paths, mounts [[/ (/dev/disk0s2)]], net usable_space [73.2gb], net total_space [118.4gb], spins? [unknown], types [hfs]
[2017-09-02T13:04:09,645][INFO ][o.e.e.NodeEnvironment    ] [rnQD3QO] heap size [1.9gb], compressed ordinary object pointers [true]
[2017-09-02T13:04:09,716][INFO ][o.e.n.Node               ] node name [rnQD3QO] derived from node ID [rnQD3QOKRgq3maAyhuE5gQ]; set [node.name] to override
[2017-09-02T13:04:09,721][INFO ][o.e.n.Node               ] version[5.5.2], pid[7933], build[b2f0c09/2017-08-14T12:33:14.154Z], OS[Mac OS X/10.11.6/x86_64], JVM[Oracle Corporation/Java HotSpot(TM) 64-Bit Server VM/1.8.0_144/25.144-b01]
[2017-09-02T13:04:09,722][INFO ][o.e.n.Node               ] JVM arguments [-Xms2g, -Xmx2g, -XX:+UseConcMarkSweepGC, -XX:CMSInitiatingOccupancyFraction=75, -XX:+UseCMSInitiatingOccupancyOnly, -XX:+AlwaysPreTouch, -Xss1m, -Djava.awt.headless=true, -Dfile.encoding=UTF-8, -Djna.nosys=true, -Djdk.io.permissionsUseCanonicalPath=true, -Dio.netty.noUnsafe=true, -Dio.netty.noKeySetOptimization=true, -Dio.netty.recycler.maxCapacityPerThread=0, -Dlog4j.shutdownHookEnabled=false, -Dlog4j2.disable.jmx=true, -Dlog4j.skipJansi=true, -XX:+HeapDumpOnOutOfMemoryError, -Des.path.home=/Users/darkindom/Desktop/spidder/elasticsearch-5.5.2]
[2017-09-02T13:04:11,999][INFO ][o.e.p.PluginsService     ] [rnQD3QO] loaded module [aggs-matrix-stats]
[2017-09-02T13:04:12,000][INFO ][o.e.p.PluginsService     ] [rnQD3QO] loaded module [ingest-common]
[2017-09-02T13:04:12,000][INFO ][o.e.p.PluginsService     ] [rnQD3QO] loaded module [lang-expression]
[2017-09-02T13:04:12,001][INFO ][o.e.p.PluginsService     ] [rnQD3QO] loaded module [lang-groovy]
[2017-09-02T13:04:12,001][INFO ][o.e.p.PluginsService     ] [rnQD3QO] loaded module [lang-mustache]
[2017-09-02T13:04:12,001][INFO ][o.e.p.PluginsService     ] [rnQD3QO] loaded module [lang-painless]
[2017-09-02T13:04:12,001][INFO ][o.e.p.PluginsService     ] [rnQD3QO] loaded module [parent-join]
[2017-09-02T13:04:12,002][INFO ][o.e.p.PluginsService     ] [rnQD3QO] loaded module [percolator]
[2017-09-02T13:04:12,002][INFO ][o.e.p.PluginsService     ] [rnQD3QO] loaded module [reindex]
[2017-09-02T13:04:12,002][INFO ][o.e.p.PluginsService     ] [rnQD3QO] loaded module [transport-netty3]
[2017-09-02T13:04:12,003][INFO ][o.e.p.PluginsService     ] [rnQD3QO] loaded module [transport-netty4]
[2017-09-02T13:04:12,004][INFO ][o.e.p.PluginsService     ] [rnQD3QO] no plugins loaded
[2017-09-02T13:04:14,796][INFO ][o.e.d.DiscoveryModule    ] [rnQD3QO] using discovery type [zen]
[2017-09-02T13:04:15,849][INFO ][o.e.n.Node               ] initialized
[2017-09-02T13:04:15,850][INFO ][o.e.n.Node               ] [rnQD3QO] starting ...
[2017-09-02T13:04:16,437][INFO ][o.e.t.TransportService   ] [rnQD3QO] publish_address {127.0.0.1:9300}, bound_addresses {[fe80::1]:9300}, {[::1]:9300}, {127.0.0.1:9300}
[2017-09-02T13:04:19,588][INFO ][o.e.c.s.ClusterService   ] [rnQD3QO] new_master {rnQD3QO}{rnQD3QOKRgq3maAyhuE5gQ}{cn2EIqXVSmyN89dWRPZolw}{127.0.0.1}{127.0.0.1:9300}, reason: zen-disco-elected-as-master ([0] nodes joined)
[2017-09-02T13:04:19,681][INFO ][o.e.h.n.Netty4HttpServerTransport] [rnQD3QO] publish_address {127.0.0.1:9200}, bound_addresses {[fe80::1]:9200}, {[::1]:9200}, {127.0.0.1:9200}
[2017-09-02T13:04:19,682][INFO ][o.e.n.Node               ] [rnQD3QO] started
[2017-09-02T13:04:19,884][INFO ][o.e.g.GatewayService     ] [rnQD3QO] recovered [1] indices into cluster_state
[2017-09-02T13:04:20,576][INFO ][o.e.c.r.a.AllocationService] [rnQD3QO] Cluster health status changed from [RED] to [GREEN] (reason: [shards started [[papers][0]] ...]).
